#-----------------------------------------------------------
# Vivado v2019.2 (64-bit)
# SW Build 2708876 on Wed Nov  6 21:40:23 MST 2019
# IP Build 2700528 on Thu Nov  7 00:09:20 MST 2019
# Start of session at: Mon Mar 23 10:34:51 2020
# Process ID: 22640
# Current directory: C:/Users/dotte/Documents/Sempro4/VHDL_PWM
# Command line: vivado.exe -gui_launcher_event rodinguilauncherevent16676 C:\Users\dotte\Documents\Sempro4\VHDL_PWM\PWM_initial.xpr
# Log file: C:/Users/dotte/Documents/Sempro4/VHDL_PWM/vivado.log
# Journal file: C:/Users/dotte/Documents/Sempro4/VHDL_PWM\vivado.jou
#-----------------------------------------------------------
start_gui
open_project C:/Users/dotte/Documents/Sempro4/VHDL_PWM/PWM_initial.xpr
Scanning sources...
Finished scanning sources
INFO: [IP_Flow 19-234] Refreshing IP repositories
INFO: [IP_Flow 19-1704] No user IP repositories specified
INFO: [IP_Flow 19-2313] Loaded Vivado IP repository 'C:/Xilinx/Vivado/2019.2/data/ip'.
open_project: Time (s): cpu = 00:00:19 ; elapsed = 00:00:08 . Memory (MB): peak = 763.648 ; gain = 151.293
update_compile_order -fileset sources_1aWARNING: [Common 17-9] Error reading message records.
WARNING: [Common 17-9] Error reading message records.
WARNING: [Common 17-9] Error reading message records.
WARNING: [Common 17-9] Error reading message records.
WARNING: [Common 17-9] Error reading message records.
WARNING: [Common 17-9] Error reading message records.
WARNING: [Common 17-9] Error reading message records.
WARNING: [Common 17-9] Error reading message records.
WARNING: [Common 17-9] Error reading message records.
exit
INFO: [Common 17-206] Exiting Vivado at Mon Mar 23 10:44:19 2020...
2020] Launched impl_1...
Run output will be captured here: C:/Users/dotte/Documents/Sempro4/VHDL_PWM/PWM_initial.runs/impl_1/runme.log
exit
INFO: [Common 17-206] Exiting Vivado at Mon Mar 23 10:44:16 2020...
o4/VHDL_PWM/PWM_initial.srcs/constr_1/imports/Basys3_Master.xdc
reset_run synth_1
WARNING: [Vivado 12-1017] Problems encountered:
1. Failed to delete one or more files in run directory C:/Users/dotte/Documents/Sempro4/VHDL_PWM/PWM_initial.runs/synth_1

launch_runs synth_1 -jobs 4
[Mon Mar 23 10:38:43 2020] Launched synth_1...
Run output will be captured here: C:/Users/dotte/Documents/Sempro4/VHDL_PWM/PWM_initial.runs/synth_1/runme.log
launch_runs impl_1 -jobs 4
[Mon Mar 23 10:39:50 2020] Launched impl_1...
Run output will be captured here: C:/Users/dotte/Documents/Sempro4/VHDL_PWM/PWM_initial.runs/impl_1/runme.log
open_hw_manager
connect_hw_server -allow_non_jtag
INFO: [Labtools 27-2285] Connecting to hw_server url TCP:localhost:3121
INFO: [Labtools 27-2222] Launching hw_server...
INFO: [Labtools 27-2221] Launch Output:

****** Xilinx hw_server v2019.2
  **** Build date : Nov  6 2019 at 22:12:23
    ** Copyright 1986-2019 Xilinx, Inc. All Rights Reserved.


INFO: [Labtools 27-3415] Connecting to cs_server url TCP:localhost:3042
INFO: [Labtools 27-3417] Launching cs_server...
INFO: [Labtools 27-2221] Launch Output:


****** Xilinx cs_server v2019.2.0
  **** Build date : Nov 07 2019-06:28:22
    ** Copyright 2017-2019 Xilinx, Inc. All Rights Reserved.



connect_hw_server: Time (s): cpu = 00:00:00 ; elapsed = 00:00:09 . Memory (MB): peak = 841.621 ; gain = 0.000
open_hw_target
INFO: [Labtoolstcl 44-466] Opening hw_target localhost:3121/xilinx_tcf/Digilent/210183AA60B6A
open_hw_target: Time (s): cpu = 00:00:05 ; elapsed = 00:00:05 . Memory (MB): peak = 2087.270 ; gain = 1245.648
set_property PROGRAM.FILE {C:/Users/dotte/Documents/Sempro4/VHDL_PWM/PWM_initial.runs/impl_1/PWM_v1.bit} [get_hw_devices xc7a35t_0]
current_hw_device [get_hw_devices xc7a35t_0]
refresh_hw_device -update_hw_probes false [lindex [get_hw_devices xc7a35t_0] 0]
INFO: [Labtools 27-1434] Device xc7a35t (JTAG device index = 0) is programmed with a design that has no supported debug core(s) in it.
set_property PROBES.FILE {} [get_hw_devices xc7a35t_0]
set_property FULL_PROBES.FILE {} [get_hw_devices xc7a35t_0]
set_property PROGRAM.FILE {C:/Users/dotte/Documents/Sempro4/VHDL_PWM/PWM_initial.runs/impl_1/PWM_v1.bit} [get_hw_devices xc7a35t_0]
program_hw_devices [get_hw_devices xc7a35t_0]
INFO: [Labtools 27-3164] End of startup status: HIGH
refresh_hw_device [lindex [get_hw_devices xc7a35t_0] 0]
INFO: [Labtools 27-1434] Device xc7a35t (JTAG device index = 0) is programmed with a design that has no supported debug core(s) in it.
exit
INFO: [Common 17-206] Exiting Vivado at Mon Mar 23 10:43:51 2020...
