#-----------------------------------------------------------
# Vivado v2019.2 (64-bit)
# SW Build 2708876 on Wed Nov  6 21:40:23 MST 2019
# IP Build 2700528 on Thu Nov  7 00:09:20 MST 2019
# Start of session at: Sat Mar 28 09:23:20 2020
# Process ID: 12268
# Current directory: C:/Users/dotte/Documents/Projekter_DIG/VHDL_PWM
# Command line: vivado.exe -gui_launcher_event rodinguilauncherevent11516 C:\Users\dotte\Documents\Projekter_DIG\VHDL_PWM\PWM_initial.xpr
# Log file: C:/Users/dotte/Documents/Projekter_DIG/VHDL_PWM/vivado.log
# Journal file: C:/Users/dotte/Documents/Projekter_DIG/VHDL_PWM\vivado.jou
#-----------------------------------------------------------
start_gui
open_project C:/Users/dotte/Documents/Projekter_DIG/VHDL_PWM/PWM_initial.xpr
INFO: [Project 1-313] Project file moved from 'C:/Users/dotte/Documents/Sempro4/VHDL_PWM' since last save.
Scanning sources...
Finished scanning sources
INFO: [IP_Flow 19-234] Refreshing IP repositories
INFO: [IP_Flow 19-1704] No user IP repositories specified
INFO: [IP_Flow 19-2313] Loaded Vivado IP repository 'C:/Xilinx/Vivado/2019.2/data/ip'.
open_project: Time (s): cpu = 00:00:32 ; elapsed = 00:00:14 . Memory (MB): peak = 744.434 ; gain = 111.461
update_compile_order -fileset sources_1
WARNING: [Common 17-9] Error reading message records.
WARNING: [Common 17-9] Error reading message records.
un directory C:/Users/dotte/Documents/Projekter_DIG/VHDL_PWM/PWM_initial.runs/synth_1

launch_runs synth_1 -jobs 4
[Sat Mar 28 09:24:46 2020] Launched synth_1...
Run output will be captured here: C:/Users/dotte/Documents/Projekter_DIG/VHDL_PWM/PWM_initial.runs/synth_1/runme.log
launch_runs impl_1 -jobs 4
[Sat Mar 28 09:26:01 2020] Launched impl_1...
Run output will be captured here: C:/Users/dotte/Documents/Projekter_DIG/VHDL_PWM/PWM_initial.runs/impl_1/runme.log
launch_runs impl_1 -to_step write_bitstream -jobs 4
[Sat Mar 28 09:27:28 2020] Launched impl_1...
Run output will be captured here: C:/Users/dotte/Documents/Projekter_DIG/VHDL_PWM/PWM_initial.runs/impl_1/runme.log
open_hw_manager
connect_hw_server -allow_non_jtag
INFO: [Labtools 27-2285] Connecting to hw_server url TCP:localhost:3121
INFO: [Labtools 27-2222] Launching hw_server...
INFO: [Labtools 27-2221] Launch Output:

****** Xilinx hw_server v2019.2
  **** Build date : Nov  6 2019 at 22:12:23
    ** Copyright 1986-2019 Xilinx, Inc. All Rights Reserved.


INFO: [Labtools 27-3415] Connecting to cs_server url TCP:localhost:3042
INFO: [Labtools 27-3417] Launching cs_server...
INFO: [Labtools 27-2221] Launch Output:


****** Xilinx cs_server v2019.2.0
  **** Build date : Nov 07 2019-06:28:22
    ** Copyright 2017-2019 Xilinx, Inc. All Rights Reserved.



connect_hw_server: Time (s): cpu = 00:00:01 ; elapsed = 00:00:10 . Memory (MB): peak = 826.168 ; gain = 11.484
open_hw_target
INFO: [Labtoolstcl 44-466] Opening hw_target localhost:3121/xilinx_tcf/Digilent/210183AA60B6A
open_hw_target: Time (s): cpu = 00:00:07 ; elapsed = 00:00:06 . Memory (MB): peak = 2060.078 ; gain = 1233.910
set_property PROGRAM.FILE {C:/Users/dotte/Documents/Projekter_DIG/VHDL_PWM/PWM_initial.runs/impl_1/PWM_v1.bit} [get_hw_devices xc7a35t_0]
current_hw_device [get_hw_devices xc7a35t_0]
refresh_hw_device -update_hw_probes false [lindex [get_hw_devices xc7a35t_0] 0]
INFO: [Labtools 27-1434] Device xc7a35t (JTAG device index = 0) is programmed with a design that has no supported debug core(s) in it.
set_property PROBES.FILE {} [get_hw_devices xc7a35t_0]
set_property FULL_PROBES.FILE {} [get_hw_devices xc7a35t_0]
set_property PROGRAM.FILE {C:/Users/dotte/Documents/Projekter_DIG/VHDL_PWM/PWM_initial.runs/impl_1/PWM_v1.bit} [get_hw_devices xc7a35t_0]
program_hw_devices [get_hw_devices xc7a35t_0]
INFO: [Labtools 27-3164] End of startup status: HIGH
refresh_hw_device [lindex [get_hw_devices xc7a35t_0] 0]
INFO: [Labtools 27-1434] Device xc7a35t (JTAG device index = 0) is programmed with a design that has no supported debug core(s) in it.
ERROR: [Labtoolstcl 44-513] HW Target shutdown. Closing target: localhost:3121/xilinx_tcf/Digilent/210183AA60B6A
INFO: [Labtoolstcl 44-466] Opening hw_target localhost:3121/xilinx_tcf/Digilent/210183AA60B6A
INFO: [Labtools 27-1434] Device xc7a35t (JTAG device index = 0) is programmed with a design that has no supported debug core(s) in it.
WARNING: [Labtoolstcl 44-129] No matching hw_ila_data was found.
ERROR: [Labtoolstcl 44-513] HW Target shutdown. Closing target: localhost:3121/xilinx_tcf/Digilent/210183AA60B6A
INFO: [Labtoolstcl 44-466] Opening hw_target localhost:3121/xilinx_tcf/Digilent/210183AA60B6A
INFO: [Labtools 27-1434] Device xc7a35t (JTAG device index = 0) is programmed with a design that has no supported debug core(s) in it.
WARNING: [Labtoolstcl 44-129] No matching hw_ila_data was found.
ERROR: [Labtoolstcl 44-513] HW Target shutdown. Closing target: localhost:3121/xilinx_tcf/Digilent/210183AA60B6A
