#-----------------------------------------------------------
# Vivado v2019.2 (64-bit)
# SW Build 2708876 on Wed Nov  6 21:40:23 MST 2019
# IP Build 2700528 on Thu Nov  7 00:09:20 MST 2019
# Start of session at: Mon Mar 23 10:32:57 2020
# Process ID: 12832
# Current directory: C:/Users/dotte/Documents/Sempro4/VHDL_PWM
# Command line: vivado.exe -gui_launcher_event rodinguilauncherevent4464 C:\Users\dotte\Documents\Sempro4\VHDL_PWM\PWM_initial.xpr
# Log file: C:/Users/dotte/Documents/Sempro4/VHDL_PWM/vivado.log
# Journal file: C:/Users/dotte/Documents/Sempro4/VHDL_PWM\vivado.jou
#-----------------------------------------------------------
start_gui
open_project C:/Users/dotte/Documents/Sempro4/VHDL_PWM/PWM_initial.xpr
INFO: [Project 1-313] Project file moved from 'C:/Users/dotte/Documents/Projekter_DIG/PWM_initial' since last save.
WARNING: [Project 1-312] File not found as 'C:/Users/dotte/Documents/Sempro4/Komigang_2/Includes/Basys3_Master.xdc'; using path 'C:/Users/dotte/Documents/Projekter_DIG/Komigang_2/Includes/Basys3_Master.xdc' instead.
Scanning sources...
Finished scanning sources
WARNING: [Project 1-312] File not found as 'C:/Users/dotte/Documents/Sempro4/Komigang_2/Includes/Basys3_Master.xdc'; using path 'C:/Users/dotte/Documents/Projekter_DIG/Komigang_2/Includes/Basys3_Master.xdc' instead.
WARNING: [Project 1-312] File not found as 'C:/Users/dotte/Documents/Sempro4/Komigang_2/Includes/Basys3_Master.xdc'; using path 'C:/Users/dotte/Documents/Projekter_DIG/Komigang_2/Includes/Basys3_Master.xdc' instead.
INFO: [IP_Flow 19-234] Refreshing IP repositories
INFO: [IP_Flow 19-1704] No user IP repositories specified
INFO: [IP_Flow 19-2313] Loaded Vivado IP repository 'C:/Xilinx/Vivado/2019.2/data/ip'.
open_project: Time (s): cpu = 00:00:19 ; elapsed = 00:00:07 . Memory (MB): peak = 781.016 ; gain = 140.531
update_compile_order -fileset sources_1
exit
INFO: [Common 17-206] Exiting Vivado at Mon Mar 23 10:34:28 2020...
