#-----------------------------------------------------------
# Vivado v2019.2 (64-bit)
# SW Build 2708876 on Wed Nov  6 21:40:23 MST 2019
# IP Build 2700528 on Thu Nov  7 00:09:20 MST 2019
# Start of session at: Mon Mar 23 10:27:15 2020
# Process ID: 28932
# Current directory: C:/Users/frida/Documents/4_semester/Projekt/Sempro4/VHDL_PWM
# Command line: vivado.exe -gui_launcher_event rodinguilauncherevent46396 C:\Users\frida\Documents\4_semester\Projekt\Sempro4\VHDL_PWM\PWM_initial.xpr
# Log file: C:/Users/frida/Documents/4_semester/Projekt/Sempro4/VHDL_PWM/vivado.log
# Journal file: C:/Users/frida/Documents/4_semester/Projekt/Sempro4/VHDL_PWM\vivado.jou
#-----------------------------------------------------------
start_gui
open_project C:/Users/frida/Documents/4_semester/Projekt/Sempro4/VHDL_PWM/PWM_initial.xpr
INFO: [Project 1-313] Project file moved from 'C:/Users/dotte/Documents/Projekter_DIG/PWM_initial' since last save.
CRITICAL WARNING: [Project 1-311] Could not find the file 'C:/Users/frida/Documents/4_semester/Projekt/Sempro4/Komigang_2/Includes/Basys3_Master.xdc', nor could it be found using path 'C:/Users/dotte/Documents/Projekter_DIG/Komigang_2/Includes/Basys3_Master.xdc'.
Scanning sources...
Finished scanning sources
INFO: [IP_Flow 19-234] Refreshing IP repositories
INFO: [IP_Flow 19-1704] No user IP repositories specified
INFO: [IP_Flow 19-2313] Loaded Vivado IP repository 'C:/Programmer_P/Vivado/2019.2/data/ip'.
update_compile_order -fileset sources_1
exit
INFO: [Common 17-206] Exiting Vivado at Mon Mar 23 10:33:35 2020...
