#-----------------------------------------------------------
# Vivado v2019.2 (64-bit)
# SW Build 2708876 on Wed Nov  6 21:40:23 MST 2019
# IP Build 2700528 on Thu Nov  7 00:09:20 MST 2019
# Start of session at: Wed Apr 15 16:18:47 2020
# Process ID: 46256
# Current directory: C:/Users/frida/Documents/4_semester/Projekt/Sempro4/VHDL_program
# Command line: vivado.exe -gui_launcher_event rodinguilauncherevent44936 C:\Users\frida\Documents\4_semester\Projekt\Sempro4\VHDL_program\VHDL_program.xpr
# Log file: C:/Users/frida/Documents/4_semester/Projekt/Sempro4/VHDL_program/vivado.log
# Journal file: C:/Users/frida/Documents/4_semester/Projekt/Sempro4/VHDL_program\vivado.jou
#-----------------------------------------------------------
start_gui
open_project C:/Users/frida/Documents/4_semester/Projekt/Sempro4/VHDL_program/VHDL_program.xpr
INFO: [Project 1-313] Project file moved from 'C:/Users/dotte/Documents/Projekter_DIG/VHDL_program_charaendring1' since last save.
Scanning sources...
Finished scanning sources
INFO: [IP_Flow 19-234] Refreshing IP repositories
INFO: [IP_Flow 19-1704] No user IP repositories specified
INFO: [IP_Flow 19-2313] Loaded Vivado IP repository 'C:/Programmer_P/Vivado/2019.2/data/ip'.
open_project: Time (s): cpu = 00:00:20 ; elapsed = 00:00:07 . Memory (MB): peak = 811.598 ; gain = 111.477
update_compile_order -fileset sources_1
reset_run synth_1
launch_runs impl_1 -to_step write_bitstream -jobs 6
[Wed Apr 15 16:21:04 2020] Launched synth_1...
Run output will be captured here: C:/Users/frida/Documents/4_semester/Projekt/Sempro4/VHDL_program/VHDL_program.runs/synth_1/runme.log
[Wed Apr 15 16:21:04 2020] Launched impl_1...
Run output will be captured here: C:/Users/frida/Documents/4_semester/Projekt/Sempro4/VHDL_program/VHDL_program.runs/impl_1/runme.log
open_run impl_1
INFO: [Device 21-403] Loading part xc7a35tcpg236-1
Netlist sorting complete. Time (s): cpu = 00:00:00 ; elapsed = 00:00:00.001 . Memory (MB): peak = 1125.008 ; gain = 0.000
INFO: [Netlist 29-17] Analyzing 17 Unisim elements for replacement
INFO: [Netlist 29-28] Unisim Transformation completed in 0 CPU seconds
INFO: [Project 1-479] Netlist was created with Vivado 2019.2
INFO: [Project 1-570] Preparing netlist for logic optimization
INFO: [Timing 38-478] Restoring timing data from binary archive.
INFO: [Timing 38-479] Binary timing data restore complete.
INFO: [Project 1-856] Restoring constraints from binary archive.
INFO: [Project 1-853] Binary constraint restore complete.
Reading XDEF placement.
Reading placer database...
Reading XDEF routing.
Read XDEF File: Time (s): cpu = 00:00:00 ; elapsed = 00:00:00.055 . Memory (MB): peak = 1791.691 ; gain = 0.000
Restored from archive | CPU: 0.000000 secs | Memory: 0.000000 MB |
Finished XDEF File Restore: Time (s): cpu = 00:00:00 ; elapsed = 00:00:00.055 . Memory (MB): peak = 1791.691 ; gain = 0.000
Netlist sorting complete. Time (s): cpu = 00:00:00 ; elapsed = 00:00:00 . Memory (MB): peak = 1791.691 ; gain = 0.000
INFO: [Project 1-111] Unisim Transformation Summary:
No Unisim elements were transformed.

open_run: Time (s): cpu = 00:00:31 ; elapsed = 00:00:22 . Memory (MB): peak = 1914.621 ; gain = 1044.031
WARNING: [Timing 38-313] There are no user specified timing constraints. Timing constraints are needed for proper timing analysis.
exit
INFO: [Common 17-206] Exiting Vivado at Wed Apr 15 20:04:42 2020...
