#-----------------------------------------------------------
# Vivado v2019.2 (64-bit)
# SW Build 2708876 on Wed Nov  6 21:40:23 MST 2019
# IP Build 2700528 on Thu Nov  7 00:09:20 MST 2019
# Start of session at: Fri Apr  3 11:07:32 2020
# Process ID: 13764
# Current directory: C:/Users/dotte/Documents/Projekter_DIG/VHDL_program_charaendring1
# Command line: vivado.exe -gui_launcher_event rodinguilauncherevent8944 C:\Users\dotte\Documents\Projekter_DIG\VHDL_program_charaendring1\VHDL_program.xpr
# Log file: C:/Users/dotte/Documents/Projekter_DIG/VHDL_program_charaendring1/vivado.log
# Journal file: C:/Users/dotte/Documents/Projekter_DIG/VHDL_program_charaendring1\vivado.jou
#-----------------------------------------------------------
start_gui
open_project C:/Users/dotte/Documents/Projekter_DIG/VHDL_program_charaendring1/VHDL_program.xpr
Scanning sources...
Finished scanning sources
INFO: [IP_Flow 19-234] Refreshing IP repositories
INFO: [IP_Flow 19-1704] No user IP repositories specified
INFO: [IP_Flow 19-2313] Loaded Vivado IP repository 'C:/Xilinx/Vivado/2019.2/data/ip'.
open_project: Time (s): cpu = 00:00:20 ; elapsed = 00:00:10 . Memory (MB): peak = 753.895 ; gain = 122.820
update_compile_order -fileset sources_1
