#-----------------------------------------------------------
# Vivado v2019.2 (64-bit)
# SW Build 2708876 on Wed Nov  6 21:40:23 MST 2019
# IP Build 2700528 on Thu Nov  7 00:09:20 MST 2019
# Start of session at: Thu May  7 15:20:36 2020
# Process ID: 28756
# Current directory: C:/Users/frida/Documents/4_semester/Projekt/Sempro4/VHDL_program
# Command line: vivado.exe -gui_launcher_event rodinguilauncherevent18772 C:\Users\frida\Documents\4_semester\Projekt\Sempro4\VHDL_program\VHDL_program.xpr
# Log file: C:/Users/frida/Documents/4_semester/Projekt/Sempro4/VHDL_program/vivado.log
# Journal file: C:/Users/frida/Documents/4_semester/Projekt/Sempro4/VHDL_program\vivado.jou
#-----------------------------------------------------------
start_gui
open_project C:/Users/frida/Documents/4_semester/Projekt/Sempro4/VHDL_program/VHDL_program.xpr
INFO: [Project 1-313] Project file moved from 'C:/Users/sunes/VHDL_program' since last save.
Scanning sources...
Finished scanning sources
INFO: [IP_Flow 19-234] Refreshing IP repositories
INFO: [IP_Flow 19-1704] No user IP repositories specified
INFO: [IP_Flow 19-2313] Loaded Vivado IP repository 'C:/Programmer_P/Vivado/2019.2/data/ip'.
open_project: Time (s): cpu = 00:00:13 ; elapsed = 00:00:06 . Memory (MB): peak = 749.195 ; gain = 120.398
update_compile_order -fileset sources_1
reorder_files -fileset constrs_1 -after C:/Users/frida/Documents/4_semester/Projekt/Sempro4/VHDL_program/VHDL_program.srcs/constr_1/Basys-3-Master_v2.xdc C:/Users/frida/Documents/4_semester/Projekt/Sempro4/VHDL_program/VHDL_program.srcs/constr_1/Basys-3-Master_v2.xdc
exit
INFO: [Common 17-206] Exiting Vivado at Thu May  7 15:58:05 2020...
