#-----------------------------------------------------------
# Vivado v2019.2 (64-bit)
# SW Build 2708876 on Wed Nov  6 21:40:23 MST 2019
# IP Build 2700528 on Thu Nov  7 00:09:20 MST 2019
# Start of session at: Thu Apr  2 09:46:38 2020
# Process ID: 23388
# Current directory: C:/Users/dotte/Documents/Projekter_DIG/VHDL_program_charaendring1
# Command line: vivado.exe -gui_launcher_event rodinguilauncherevent30984 C:\Users\dotte\Documents\Projekter_DIG\VHDL_program_charaendring1\VHDL_program.xpr
# Log file: C:/Users/dotte/Documents/Projekter_DIG/VHDL_program_charaendring1/vivado.log
# Journal file: C:/Users/dotte/Documents/Projekter_DIG/VHDL_program_charaendring1\vivado.jou
#-----------------------------------------------------------
start_gui
open_project C:/Users/dotte/Documents/Projekter_DIG/VHDL_program_charaendring1/VHDL_program.xpr
INFO: [Project 1-313] Project file moved from 'C:/Users/dotte/OneDrive - Syddansk Universitet/PRO 4 - Gruppe 4 - mappe/TempVHDL/VHDL_program_charændring' since last save.
Scanning sources...
Finished scanning sources
INFO: [IP_Flow 19-234] Refreshing IP repositories
INFO: [IP_Flow 19-1704] No user IP repositories specified
INFO: [IP_Flow 19-2313] Loaded Vivado IP repository 'C:/Xilinx/Vivado/2019.2/data/ip'.
open_project: Time (s): cpu = 00:00:18 ; elapsed = 00:00:07 . Memory (MB): peak = 798.742 ; gain = 153.195
update_compile_order -fileset sources_1
reset_run synth_1
launch_runs synth_1 -jobs 4
[Thu Apr  2 09:47:32 2020] Launched synth_1...
Run output will be captured here: C:/Users/dotte/Documents/Projekter_DIG/VHDL_program_charaendring1/VHDL_program.runs/synth_1/runme.log
launch_runs impl_1 -jobs 4
[Thu Apr  2 09:50:23 2020] Launched impl_1...
Run output will be captured here: C:/Users/dotte/Documents/Projekter_DIG/VHDL_program_charaendring1/VHDL_program.runs/impl_1/runme.log
open_run synth_1 -name synth_1
Design is defaulting to impl run constrset: constrs_1
Design is defaulting to synth run part: xc7a35tcpg236-1
INFO: [Device 21-403] Loading part xc7a35tcpg236-1
Netlist sorting complete. Time (s): cpu = 00:00:00 ; elapsed = 00:00:00.002 . Memory (MB): peak = 1056.750 ; gain = 0.000
INFO: [Netlist 29-17] Analyzing 17 Unisim elements for replacement
INFO: [Netlist 29-28] Unisim Transformation completed in 0 CPU seconds
INFO: [Project 1-479] Netlist was created with Vivado 2019.2
INFO: [Project 1-570] Preparing netlist for logic optimization
Parsing XDC File [C:/Users/dotte/Documents/Projekter_DIG/VHDL_program_charaendring1/VHDL_program.srcs/constr_1/Basys-3-Master_v2.xdc]
CRITICAL WARNING: [Common 17-165] Too many positional options when parsing 'clk', please type 'create_clock -help' for usage info. [C:/Users/dotte/Documents/Projekter_DIG/VHDL_program_charaendring1/VHDL_program.srcs/constr_1/Basys-3-Master_v2.xdc:13]
WARNING: [Vivado 12-584] No ports matched 'sw[0]'. [C:/Users/dotte/Documents/Projekter_DIG/VHDL_program_charaendring1/VHDL_program.srcs/constr_1/Basys-3-Master_v2.xdc:16]
CRITICAL WARNING: [Common 17-55] 'set_property' expects at least one object. [C:/Users/dotte/Documents/Projekter_DIG/VHDL_program_charaendring1/VHDL_program.srcs/constr_1/Basys-3-Master_v2.xdc:16]
Resolution: If [get_<value>] was used to populate the object, check to make sure this command returns at least one valid object.
WARNING: [Vivado 12-584] No ports matched 'sw[0]'. [C:/Users/dotte/Documents/Projekter_DIG/VHDL_program_charaendring1/VHDL_program.srcs/constr_1/Basys-3-Master_v2.xdc:17]
CRITICAL WARNING: [Common 17-55] 'set_property' expects at least one object. [C:/Users/dotte/Documents/Projekter_DIG/VHDL_program_charaendring1/VHDL_program.srcs/constr_1/Basys-3-Master_v2.xdc:17]
Resolution: If [get_<value>] was used to populate the object, check to make sure this command returns at least one valid object.
WARNING: [Vivado 12-584] No ports matched 'sw[1]'. [C:/Users/dotte/Documents/Projekter_DIG/VHDL_program_charaendring1/VHDL_program.srcs/constr_1/Basys-3-Master_v2.xdc:18]
CRITICAL WARNING: [Common 17-55] 'set_property' expects at least one object. [C:/Users/dotte/Documents/Projekter_DIG/VHDL_program_charaendring1/VHDL_program.srcs/constr_1/Basys-3-Master_v2.xdc:18]
Resolution: If [get_<value>] was used to populate the object, check to make sure this command returns at least one valid object.
WARNING: [Vivado 12-584] No ports matched 'sw[1]'. [C:/Users/dotte/Documents/Projekter_DIG/VHDL_program_charaendring1/VHDL_program.srcs/constr_1/Basys-3-Master_v2.xdc:19]
CRITICAL WARNING: [Common 17-55] 'set_property' expects at least one object. [C:/Users/dotte/Documents/Projekter_DIG/VHDL_program_charaendring1/VHDL_program.srcs/constr_1/Basys-3-Master_v2.xdc:19]
Resolution: If [get_<value>] was used to populate the object, check to make sure this command returns at least one valid object.
WARNING: [Vivado 12-584] No ports matched 'sw[2]'. [C:/Users/dotte/Documents/Projekter_DIG/VHDL_program_charaendring1/VHDL_program.srcs/constr_1/Basys-3-Master_v2.xdc:20]
CRITICAL WARNING: [Common 17-55] 'set_property' expects at least one object. [C:/Users/dotte/Documents/Projekter_DIG/VHDL_program_charaendring1/VHDL_program.srcs/constr_1/Basys-3-Master_v2.xdc:20]
Resolution: If [get_<value>] was used to populate the object, check to make sure this command returns at least one valid object.
WARNING: [Vivado 12-584] No ports matched 'sw[2]'. [C:/Users/dotte/Documents/Projekter_DIG/VHDL_program_charaendring1/VHDL_program.srcs/constr_1/Basys-3-Master_v2.xdc:21]
CRITICAL WARNING: [Common 17-55] 'set_property' expects at least one object. [C:/Users/dotte/Documents/Projekter_DIG/VHDL_program_charaendring1/VHDL_program.srcs/constr_1/Basys-3-Master_v2.xdc:21]
Resolution: If [get_<value>] was used to populate the object, check to make sure this command returns at least one valid object.
WARNING: [Vivado 12-584] No ports matched 'sw[3]'. [C:/Users/dotte/Documents/Projekter_DIG/VHDL_program_charaendring1/VHDL_program.srcs/constr_1/Basys-3-Master_v2.xdc:22]
CRITICAL WARNING: [Common 17-55] 'set_property' expects at least one object. [C:/Users/dotte/Documents/Projekter_DIG/VHDL_program_charaendring1/VHDL_program.srcs/constr_1/Basys-3-Master_v2.xdc:22]
Resolution: If [get_<value>] was used to populate the object, check to make sure this command returns at least one valid object.
WARNING: [Vivado 12-584] No ports matched 'sw[3]'. [C:/Users/dotte/Documents/Projekter_DIG/VHDL_program_charaendring1/VHDL_program.srcs/constr_1/Basys-3-Master_v2.xdc:23]
CRITICAL WARNING: [Common 17-55] 'set_property' expects at least one object. [C:/Users/dotte/Documents/Projekter_DIG/VHDL_program_charaendring1/VHDL_program.srcs/constr_1/Basys-3-Master_v2.xdc:23]
Resolution: If [get_<value>] was used to populate the object, check to make sure this command returns at least one valid object.
WARNING: [Vivado 12-584] No ports matched 'sw[4]'. [C:/Users/dotte/Documents/Projekter_DIG/VHDL_program_charaendring1/VHDL_program.srcs/constr_1/Basys-3-Master_v2.xdc:24]
CRITICAL WARNING: [Common 17-55] 'set_property' expects at least one object. [C:/Users/dotte/Documents/Projekter_DIG/VHDL_program_charaendring1/VHDL_program.srcs/constr_1/Basys-3-Master_v2.xdc:24]
Resolution: If [get_<value>] was used to populate the object, check to make sure this command returns at least one valid object.
WARNING: [Vivado 12-584] No ports matched 'sw[4]'. [C:/Users/dotte/Documents/Projekter_DIG/VHDL_program_charaendring1/VHDL_program.srcs/constr_1/Basys-3-Master_v2.xdc:25]
CRITICAL WARNING: [Common 17-55] 'set_property' expects at least one object. [C:/Users/dotte/Documents/Projekter_DIG/VHDL_program_charaendring1/VHDL_program.srcs/constr_1/Basys-3-Master_v2.xdc:25]
Resolution: If [get_<value>] was used to populate the object, check to make sure this command returns at least one valid object.
WARNING: [Vivado 12-584] No ports matched 'sw[5]'. [C:/Users/dotte/Documents/Projekter_DIG/VHDL_program_charaendring1/VHDL_program.srcs/constr_1/Basys-3-Master_v2.xdc:26]
CRITICAL WARNING: [Common 17-55] 'set_property' expects at least one object. [C:/Users/dotte/Documents/Projekter_DIG/VHDL_program_charaendring1/VHDL_program.srcs/constr_1/Basys-3-Master_v2.xdc:26]
Resolution: If [get_<value>] was used to populate the object, check to make sure this command returns at least one valid object.
WARNING: [Vivado 12-584] No ports matched 'sw[5]'. [C:/Users/dotte/Documents/Projekter_DIG/VHDL_program_charaendring1/VHDL_program.srcs/constr_1/Basys-3-Master_v2.xdc:27]
CRITICAL WARNING: [Common 17-55] 'set_property' expects at least one object. [C:/Users/dotte/Documents/Projekter_DIG/VHDL_program_charaendring1/VHDL_program.srcs/constr_1/Basys-3-Master_v2.xdc:27]
Resolution: If [get_<value>] was used to populate the object, check to make sure this command returns at least one valid object.
WARNING: [Vivado 12-584] No ports matched 'sw[6]'. [C:/Users/dotte/Documents/Projekter_DIG/VHDL_program_charaendring1/VHDL_program.srcs/constr_1/Basys-3-Master_v2.xdc:28]
CRITICAL WARNING: [Common 17-55] 'set_property' expects at least one object. [C:/Users/dotte/Documents/Projekter_DIG/VHDL_program_charaendring1/VHDL_program.srcs/constr_1/Basys-3-Master_v2.xdc:28]
Resolution: If [get_<value>] was used to populate the object, check to make sure this command returns at least one valid object.
WARNING: [Vivado 12-584] No ports matched 'sw[6]'. [C:/Users/dotte/Documents/Projekter_DIG/VHDL_program_charaendring1/VHDL_program.srcs/constr_1/Basys-3-Master_v2.xdc:29]
CRITICAL WARNING: [Common 17-55] 'set_property' expects at least one object. [C:/Users/dotte/Documents/Projekter_DIG/VHDL_program_charaendring1/VHDL_program.srcs/constr_1/Basys-3-Master_v2.xdc:29]
Resolution: If [get_<value>] was used to populate the object, check to make sure this command returns at least one valid object.
WARNING: [Vivado 12-584] No ports matched 'sw[7]'. [C:/Users/dotte/Documents/Projekter_DIG/VHDL_program_charaendring1/VHDL_program.srcs/constr_1/Basys-3-Master_v2.xdc:30]
CRITICAL WARNING: [Common 17-55] 'set_property' expects at least one object. [C:/Users/dotte/Documents/Projekter_DIG/VHDL_program_charaendring1/VHDL_program.srcs/constr_1/Basys-3-Master_v2.xdc:30]
Resolution: If [get_<value>] was used to populate the object, check to make sure this command returns at least one valid object.
WARNING: [Vivado 12-584] No ports matched 'sw[7]'. [C:/Users/dotte/Documents/Projekter_DIG/VHDL_program_charaendring1/VHDL_program.srcs/constr_1/Basys-3-Master_v2.xdc:31]
CRITICAL WARNING: [Common 17-55] 'set_property' expects at least one object. [C:/Users/dotte/Documents/Projekter_DIG/VHDL_program_charaendring1/VHDL_program.srcs/constr_1/Basys-3-Master_v2.xdc:31]
Resolution: If [get_<value>] was used to populate the object, check to make sure this command returns at least one valid object.
WARNING: [Vivado 12-584] No ports matched 'sw[8]'. [C:/Users/dotte/Documents/Projekter_DIG/VHDL_program_charaendring1/VHDL_program.srcs/constr_1/Basys-3-Master_v2.xdc:32]
CRITICAL WARNING: [Common 17-55] 'set_property' expects at least one object. [C:/Users/dotte/Documents/Projekter_DIG/VHDL_program_charaendring1/VHDL_program.srcs/constr_1/Basys-3-Master_v2.xdc:32]
Resolution: If [get_<value>] was used to populate the object, check to make sure this command returns at least one valid object.
WARNING: [Vivado 12-584] No ports matched 'sw[8]'. [C:/Users/dotte/Documents/Projekter_DIG/VHDL_program_charaendring1/VHDL_program.srcs/constr_1/Basys-3-Master_v2.xdc:33]
CRITICAL WARNING: [Common 17-55] 'set_property' expects at least one object. [C:/Users/dotte/Documents/Projekter_DIG/VHDL_program_charaendring1/VHDL_program.srcs/constr_1/Basys-3-Master_v2.xdc:33]
Resolution: If [get_<value>] was used to populate the object, check to make sure this command returns at least one valid object.
WARNING: [Vivado 12-584] No ports matched 'sw[9]'. [C:/Users/dotte/Documents/Projekter_DIG/VHDL_program_charaendring1/VHDL_program.srcs/constr_1/Basys-3-Master_v2.xdc:34]
CRITICAL WARNING: [Common 17-55] 'set_property' expects at least one object. [C:/Users/dotte/Documents/Projekter_DIG/VHDL_program_charaendring1/VHDL_program.srcs/constr_1/Basys-3-Master_v2.xdc:34]
Resolution: If [get_<value>] was used to populate the object, check to make sure this command returns at least one valid object.
WARNING: [Vivado 12-584] No ports matched 'sw[9]'. [C:/Users/dotte/Documents/Projekter_DIG/VHDL_program_charaendring1/VHDL_program.srcs/constr_1/Basys-3-Master_v2.xdc:35]
CRITICAL WARNING: [Common 17-55] 'set_property' expects at least one object. [C:/Users/dotte/Documents/Projekter_DIG/VHDL_program_charaendring1/VHDL_program.srcs/constr_1/Basys-3-Master_v2.xdc:35]
Resolution: If [get_<value>] was used to populate the object, check to make sure this command returns at least one valid object.
WARNING: [Vivado 12-584] No ports matched 'sw[10]'. [C:/Users/dotte/Documents/Projekter_DIG/VHDL_program_charaendring1/VHDL_program.srcs/constr_1/Basys-3-Master_v2.xdc:36]
CRITICAL WARNING: [Common 17-55] 'set_property' expects at least one object. [C:/Users/dotte/Documents/Projekter_DIG/VHDL_program_charaendring1/VHDL_program.srcs/constr_1/Basys-3-Master_v2.xdc:36]
Resolution: If [get_<value>] was used to populate the object, check to make sure this command returns at least one valid object.
WARNING: [Vivado 12-584] No ports matched 'sw[10]'. [C:/Users/dotte/Documents/Projekter_DIG/VHDL_program_charaendring1/VHDL_program.srcs/constr_1/Basys-3-Master_v2.xdc:37]
CRITICAL WARNING: [Common 17-55] 'set_property' expects at least one object. [C:/Users/dotte/Documents/Projekter_DIG/VHDL_program_charaendring1/VHDL_program.srcs/constr_1/Basys-3-Master_v2.xdc:37]
Resolution: If [get_<value>] was used to populate the object, check to make sure this command returns at least one valid object.
WARNING: [Vivado 12-584] No ports matched 'sw[11]'. [C:/Users/dotte/Documents/Projekter_DIG/VHDL_program_charaendring1/VHDL_program.srcs/constr_1/Basys-3-Master_v2.xdc:38]
CRITICAL WARNING: [Common 17-55] 'set_property' expects at least one object. [C:/Users/dotte/Documents/Projekter_DIG/VHDL_program_charaendring1/VHDL_program.srcs/constr_1/Basys-3-Master_v2.xdc:38]
Resolution: If [get_<value>] was used to populate the object, check to make sure this command returns at least one valid object.
WARNING: [Vivado 12-584] No ports matched 'sw[11]'. [C:/Users/dotte/Documents/Projekter_DIG/VHDL_program_charaendring1/VHDL_program.srcs/constr_1/Basys-3-Master_v2.xdc:39]
CRITICAL WARNING: [Common 17-55] 'set_property' expects at least one object. [C:/Users/dotte/Documents/Projekter_DIG/VHDL_program_charaendring1/VHDL_program.srcs/constr_1/Basys-3-Master_v2.xdc:39]
Resolution: If [get_<value>] was used to populate the object, check to make sure this command returns at least one valid object.
WARNING: [Vivado 12-584] No ports matched 'sw[12]'. [C:/Users/dotte/Documents/Projekter_DIG/VHDL_program_charaendring1/VHDL_program.srcs/constr_1/Basys-3-Master_v2.xdc:40]
CRITICAL WARNING: [Common 17-55] 'set_property' expects at least one object. [C:/Users/dotte/Documents/Projekter_DIG/VHDL_program_charaendring1/VHDL_program.srcs/constr_1/Basys-3-Master_v2.xdc:40]
Resolution: If [get_<value>] was used to populate the object, check to make sure this command returns at least one valid object.
WARNING: [Vivado 12-584] No ports matched 'sw[12]'. [C:/Users/dotte/Documents/Projekter_DIG/VHDL_program_charaendring1/VHDL_program.srcs/constr_1/Basys-3-Master_v2.xdc:41]
CRITICAL WARNING: [Common 17-55] 'set_property' expects at least one object. [C:/Users/dotte/Documents/Projekter_DIG/VHDL_program_charaendring1/VHDL_program.srcs/constr_1/Basys-3-Master_v2.xdc:41]
Resolution: If [get_<value>] was used to populate the object, check to make sure this command returns at least one valid object.
WARNING: [Vivado 12-584] No ports matched 'sw[13]'. [C:/Users/dotte/Documents/Projekter_DIG/VHDL_program_charaendring1/VHDL_program.srcs/constr_1/Basys-3-Master_v2.xdc:42]
CRITICAL WARNING: [Common 17-55] 'set_property' expects at least one object. [C:/Users/dotte/Documents/Projekter_DIG/VHDL_program_charaendring1/VHDL_program.srcs/constr_1/Basys-3-Master_v2.xdc:42]
Resolution: If [get_<value>] was used to populate the object, check to make sure this command returns at least one valid object.
WARNING: [Vivado 12-584] No ports matched 'sw[13]'. [C:/Users/dotte/Documents/Projekter_DIG/VHDL_program_charaendring1/VHDL_program.srcs/constr_1/Basys-3-Master_v2.xdc:43]
CRITICAL WARNING: [Common 17-55] 'set_property' expects at least one object. [C:/Users/dotte/Documents/Projekter_DIG/VHDL_program_charaendring1/VHDL_program.srcs/constr_1/Basys-3-Master_v2.xdc:43]
Resolution: If [get_<value>] was used to populate the object, check to make sure this command returns at least one valid object.
WARNING: [Vivado 12-584] No ports matched 'sw[14]'. [C:/Users/dotte/Documents/Projekter_DIG/VHDL_program_charaendring1/VHDL_program.srcs/constr_1/Basys-3-Master_v2.xdc:44]
CRITICAL WARNING: [Common 17-55] 'set_property' expects at least one object. [C:/Users/dotte/Documents/Projekter_DIG/VHDL_program_charaendring1/VHDL_program.srcs/constr_1/Basys-3-Master_v2.xdc:44]
Resolution: If [get_<value>] was used to populate the object, check to make sure this command returns at least one valid object.
WARNING: [Vivado 12-584] No ports matched 'sw[14]'. [C:/Users/dotte/Documents/Projekter_DIG/VHDL_program_charaendring1/VHDL_program.srcs/constr_1/Basys-3-Master_v2.xdc:45]
CRITICAL WARNING: [Common 17-55] 'set_property' expects at least one object. [C:/Users/dotte/Documents/Projekter_DIG/VHDL_program_charaendring1/VHDL_program.srcs/constr_1/Basys-3-Master_v2.xdc:45]
Resolution: If [get_<value>] was used to populate the object, check to make sure this command returns at least one valid object.
WARNING: [Vivado 12-584] No ports matched 'sw[15]'. [C:/Users/dotte/Documents/Projekter_DIG/VHDL_program_charaendring1/VHDL_program.srcs/constr_1/Basys-3-Master_v2.xdc:46]
CRITICAL WARNING: [Common 17-55] 'set_property' expects at least one object. [C:/Users/dotte/Documents/Projekter_DIG/VHDL_program_charaendring1/VHDL_program.srcs/constr_1/Basys-3-Master_v2.xdc:46]
Resolution: If [get_<value>] was used to populate the object, check to make sure this command returns at least one valid object.
WARNING: [Vivado 12-584] No ports matched 'sw[15]'. [C:/Users/dotte/Documents/Projekter_DIG/VHDL_program_charaendring1/VHDL_program.srcs/constr_1/Basys-3-Master_v2.xdc:47]
CRITICAL WARNING: [Common 17-55] 'set_property' expects at least one object. [C:/Users/dotte/Documents/Projekter_DIG/VHDL_program_charaendring1/VHDL_program.srcs/constr_1/Basys-3-Master_v2.xdc:47]
Resolution: If [get_<value>] was used to populate the object, check to make sure this command returns at least one valid object.
WARNING: [Vivado 12-584] No ports matched 'seg[0]'. [C:/Users/dotte/Documents/Projekter_DIG/VHDL_program_charaendring1/VHDL_program.srcs/constr_1/Basys-3-Master_v2.xdc:84]
CRITICAL WARNING: [Common 17-55] 'set_property' expects at least one object. [C:/Users/dotte/Documents/Projekter_DIG/VHDL_program_charaendring1/VHDL_program.srcs/constr_1/Basys-3-Master_v2.xdc:84]
Resolution: If [get_<value>] was used to populate the object, check to make sure this command returns at least one valid object.
WARNING: [Vivado 12-584] No ports matched 'seg[0]'. [C:/Users/dotte/Documents/Projekter_DIG/VHDL_program_charaendring1/VHDL_program.srcs/constr_1/Basys-3-Master_v2.xdc:85]
CRITICAL WARNING: [Common 17-55] 'set_property' expects at least one object. [C:/Users/dotte/Documents/Projekter_DIG/VHDL_program_charaendring1/VHDL_program.srcs/constr_1/Basys-3-Master_v2.xdc:85]
Resolution: If [get_<value>] was used to populate the object, check to make sure this command returns at least one valid object.
WARNING: [Vivado 12-584] No ports matched 'seg[1]'. [C:/Users/dotte/Documents/Projekter_DIG/VHDL_program_charaendring1/VHDL_program.srcs/constr_1/Basys-3-Master_v2.xdc:86]
CRITICAL WARNING: [Common 17-55] 'set_property' expects at least one object. [C:/Users/dotte/Documents/Projekter_DIG/VHDL_program_charaendring1/VHDL_program.srcs/constr_1/Basys-3-Master_v2.xdc:86]
Resolution: If [get_<value>] was used to populate the object, check to make sure this command returns at least one valid object.
WARNING: [Vivado 12-584] No ports matched 'seg[1]'. [C:/Users/dotte/Documents/Projekter_DIG/VHDL_program_charaendring1/VHDL_program.srcs/constr_1/Basys-3-Master_v2.xdc:87]
CRITICAL WARNING: [Common 17-55] 'set_property' expects at least one object. [C:/Users/dotte/Documents/Projekter_DIG/VHDL_program_charaendring1/VHDL_program.srcs/constr_1/Basys-3-Master_v2.xdc:87]
Resolution: If [get_<value>] was used to populate the object, check to make sure this command returns at least one valid object.
WARNING: [Vivado 12-584] No ports matched 'seg[2]'. [C:/Users/dotte/Documents/Projekter_DIG/VHDL_program_charaendring1/VHDL_program.srcs/constr_1/Basys-3-Master_v2.xdc:88]
CRITICAL WARNING: [Common 17-55] 'set_property' expects at least one object. [C:/Users/dotte/Documents/Projekter_DIG/VHDL_program_charaendring1/VHDL_program.srcs/constr_1/Basys-3-Master_v2.xdc:88]
Resolution: If [get_<value>] was used to populate the object, check to make sure this command returns at least one valid object.
WARNING: [Vivado 12-584] No ports matched 'seg[2]'. [C:/Users/dotte/Documents/Projekter_DIG/VHDL_program_charaendring1/VHDL_program.srcs/constr_1/Basys-3-Master_v2.xdc:89]
CRITICAL WARNING: [Common 17-55] 'set_property' expects at least one object. [C:/Users/dotte/Documents/Projekter_DIG/VHDL_program_charaendring1/VHDL_program.srcs/constr_1/Basys-3-Master_v2.xdc:89]
Resolution: If [get_<value>] was used to populate the object, check to make sure this command returns at least one valid object.
WARNING: [Vivado 12-584] No ports matched 'seg[3]'. [C:/Users/dotte/Documents/Projekter_DIG/VHDL_program_charaendring1/VHDL_program.srcs/constr_1/Basys-3-Master_v2.xdc:90]
CRITICAL WARNING: [Common 17-55] 'set_property' expects at least one object. [C:/Users/dotte/Documents/Projekter_DIG/VHDL_program_charaendring1/VHDL_program.srcs/constr_1/Basys-3-Master_v2.xdc:90]
Resolution: If [get_<value>] was used to populate the object, check to make sure this command returns at least one valid object.
WARNING: [Vivado 12-584] No ports matched 'seg[3]'. [C:/Users/dotte/Documents/Projekter_DIG/VHDL_program_charaendring1/VHDL_program.srcs/constr_1/Basys-3-Master_v2.xdc:91]
CRITICAL WARNING: [Common 17-55] 'set_property' expects at least one object. [C:/Users/dotte/Documents/Projekter_DIG/VHDL_program_charaendring1/VHDL_program.srcs/constr_1/Basys-3-Master_v2.xdc:91]
Resolution: If [get_<value>] was used to populate the object, check to make sure this command returns at least one valid object.
WARNING: [Vivado 12-584] No ports matched 'seg[4]'. [C:/Users/dotte/Documents/Projekter_DIG/VHDL_program_charaendring1/VHDL_program.srcs/constr_1/Basys-3-Master_v2.xdc:92]
CRITICAL WARNING: [Common 17-55] 'set_property' expects at least one object. [C:/Users/dotte/Documents/Projekter_DIG/VHDL_program_charaendring1/VHDL_program.srcs/constr_1/Basys-3-Master_v2.xdc:92]
Resolution: If [get_<value>] was used to populate the object, check to make sure this command returns at least one valid object.
WARNING: [Vivado 12-584] No ports matched 'seg[4]'. [C:/Users/dotte/Documents/Projekter_DIG/VHDL_program_charaendring1/VHDL_program.srcs/constr_1/Basys-3-Master_v2.xdc:93]
CRITICAL WARNING: [Common 17-55] 'set_property' expects at least one object. [C:/Users/dotte/Documents/Projekter_DIG/VHDL_program_charaendring1/VHDL_program.srcs/constr_1/Basys-3-Master_v2.xdc:93]
Resolution: If [get_<value>] was used to populate the object, check to make sure this command returns at least one valid object.
WARNING: [Vivado 12-584] No ports matched 'seg[5]'. [C:/Users/dotte/Documents/Projekter_DIG/VHDL_program_charaendring1/VHDL_program.srcs/constr_1/Basys-3-Master_v2.xdc:94]
CRITICAL WARNING: [Common 17-55] 'set_property' expects at least one object. [C:/Users/dotte/Documents/Projekter_DIG/VHDL_program_charaendring1/VHDL_program.srcs/constr_1/Basys-3-Master_v2.xdc:94]
Resolution: If [get_<value>] was used to populate the object, check to make sure this command returns at least one valid object.
WARNING: [Vivado 12-584] No ports matched 'seg[5]'. [C:/Users/dotte/Documents/Projekter_DIG/VHDL_program_charaendring1/VHDL_program.srcs/constr_1/Basys-3-Master_v2.xdc:95]
CRITICAL WARNING: [Common 17-55] 'set_property' expects at least one object. [C:/Users/dotte/Documents/Projekter_DIG/VHDL_program_charaendring1/VHDL_program.srcs/constr_1/Basys-3-Master_v2.xdc:95]
Resolution: If [get_<value>] was used to populate the object, check to make sure this command returns at least one valid object.
WARNING: [Vivado 12-584] No ports matched 'seg[6]'. [C:/Users/dotte/Documents/Projekter_DIG/VHDL_program_charaendring1/VHDL_program.srcs/constr_1/Basys-3-Master_v2.xdc:96]
CRITICAL WARNING: [Common 17-55] 'set_property' expects at least one object. [C:/Users/dotte/Documents/Projekter_DIG/VHDL_program_charaendring1/VHDL_program.srcs/constr_1/Basys-3-Master_v2.xdc:96]
Resolution: If [get_<value>] was used to populate the object, check to make sure this command returns at least one valid object.
WARNING: [Vivado 12-584] No ports matched 'seg[6]'. [C:/Users/dotte/Documents/Projekter_DIG/VHDL_program_charaendring1/VHDL_program.srcs/constr_1/Basys-3-Master_v2.xdc:97]
CRITICAL WARNING: [Common 17-55] 'set_property' expects at least one object. [C:/Users/dotte/Documents/Projekter_DIG/VHDL_program_charaendring1/VHDL_program.srcs/constr_1/Basys-3-Master_v2.xdc:97]
Resolution: If [get_<value>] was used to populate the object, check to make sure this command returns at least one valid object.
WARNING: [Vivado 12-584] No ports matched 'dp'. [C:/Users/dotte/Documents/Projekter_DIG/VHDL_program_charaendring1/VHDL_program.srcs/constr_1/Basys-3-Master_v2.xdc:99]
CRITICAL WARNING: [Common 17-55] 'set_property' expects at least one object. [C:/Users/dotte/Documents/Projekter_DIG/VHDL_program_charaendring1/VHDL_program.srcs/constr_1/Basys-3-Master_v2.xdc:99]
Resolution: If [get_<value>] was used to populate the object, check to make sure this command returns at least one valid object.
WARNING: [Vivado 12-584] No ports matched 'dp'. [C:/Users/dotte/Documents/Projekter_DIG/VHDL_program_charaendring1/VHDL_program.srcs/constr_1/Basys-3-Master_v2.xdc:100]
CRITICAL WARNING: [Common 17-55] 'set_property' expects at least one object. [C:/Users/dotte/Documents/Projekter_DIG/VHDL_program_charaendring1/VHDL_program.srcs/constr_1/Basys-3-Master_v2.xdc:100]
Resolution: If [get_<value>] was used to populate the object, check to make sure this command returns at least one valid object.
WARNING: [Vivado 12-584] No ports matched 'an[0]'. [C:/Users/dotte/Documents/Projekter_DIG/VHDL_program_charaendring1/VHDL_program.srcs/constr_1/Basys-3-Master_v2.xdc:102]
CRITICAL WARNING: [Common 17-55] 'set_property' expects at least one object. [C:/Users/dotte/Documents/Projekter_DIG/VHDL_program_charaendring1/VHDL_program.srcs/constr_1/Basys-3-Master_v2.xdc:102]
Resolution: If [get_<value>] was used to populate the object, check to make sure this command returns at least one valid object.
WARNING: [Vivado 12-584] No ports matched 'an[0]'. [C:/Users/dotte/Documents/Projekter_DIG/VHDL_program_charaendring1/VHDL_program.srcs/constr_1/Basys-3-Master_v2.xdc:103]
CRITICAL WARNING: [Common 17-55] 'set_property' expects at least one object. [C:/Users/dotte/Documents/Projekter_DIG/VHDL_program_charaendring1/VHDL_program.srcs/constr_1/Basys-3-Master_v2.xdc:103]
Resolution: If [get_<value>] was used to populate the object, check to make sure this command returns at least one valid object.
WARNING: [Vivado 12-584] No ports matched 'an[1]'. [C:/Users/dotte/Documents/Projekter_DIG/VHDL_program_charaendring1/VHDL_program.srcs/constr_1/Basys-3-Master_v2.xdc:104]
CRITICAL WARNING: [Common 17-55] 'set_property' expects at least one object. [C:/Users/dotte/Documents/Projekter_DIG/VHDL_program_charaendring1/VHDL_program.srcs/constr_1/Basys-3-Master_v2.xdc:104]
Resolution: If [get_<value>] was used to populate the object, check to make sure this command returns at least one valid object.
WARNING: [Vivado 12-584] No ports matched 'an[1]'. [C:/Users/dotte/Documents/Projekter_DIG/VHDL_program_charaendring1/VHDL_program.srcs/constr_1/Basys-3-Master_v2.xdc:105]
CRITICAL WARNING: [Common 17-55] 'set_property' expects at least one object. [C:/Users/dotte/Documents/Projekter_DIG/VHDL_program_charaendring1/VHDL_program.srcs/constr_1/Basys-3-Master_v2.xdc:105]
Resolution: If [get_<value>] was used to populate the object, check to make sure this command returns at least one valid object.
WARNING: [Vivado 12-584] No ports matched 'an[2]'. [C:/Users/dotte/Documents/Projekter_DIG/VHDL_program_charaendring1/VHDL_program.srcs/constr_1/Basys-3-Master_v2.xdc:106]
CRITICAL WARNING: [Common 17-55] 'set_property' expects at least one object. [C:/Users/dotte/Documents/Projekter_DIG/VHDL_program_charaendring1/VHDL_program.srcs/constr_1/Basys-3-Master_v2.xdc:106]
Resolution: If [get_<value>] was used to populate the object, check to make sure this command returns at least one valid object.
WARNING: [Vivado 12-584] No ports matched 'an[2]'. [C:/Users/dotte/Documents/Projekter_DIG/VHDL_program_charaendring1/VHDL_program.srcs/constr_1/Basys-3-Master_v2.xdc:107]
CRITICAL WARNING: [Common 17-55] 'set_property' expects at least one object. [C:/Users/dotte/Documents/Projekter_DIG/VHDL_program_charaendring1/VHDL_program.srcs/constr_1/Basys-3-Master_v2.xdc:107]
Resolution: If [get_<value>] was used to populate the object, check to make sure this command returns at least one valid object.
WARNING: [Vivado 12-584] No ports matched 'an[3]'. [C:/Users/dotte/Documents/Projekter_DIG/VHDL_program_charaendring1/VHDL_program.srcs/constr_1/Basys-3-Master_v2.xdc:108]
CRITICAL WARNING: [Common 17-55] 'set_property' expects at least one object. [C:/Users/dotte/Documents/Projekter_DIG/VHDL_program_charaendring1/VHDL_program.srcs/constr_1/Basys-3-Master_v2.xdc:108]
Resolution: If [get_<value>] was used to populate the object, check to make sure this command returns at least one valid object.
WARNING: [Vivado 12-584] No ports matched 'an[3]'. [C:/Users/dotte/Documents/Projekter_DIG/VHDL_program_charaendring1/VHDL_program.srcs/constr_1/Basys-3-Master_v2.xdc:109]
CRITICAL WARNING: [Common 17-55] 'set_property' expects at least one object. [C:/Users/dotte/Documents/Projekter_DIG/VHDL_program_charaendring1/VHDL_program.srcs/constr_1/Basys-3-Master_v2.xdc:109]
Resolution: If [get_<value>] was used to populate the object, check to make sure this command returns at least one valid object.
WARNING: [Vivado 12-584] No ports matched 'btnC'. [C:/Users/dotte/Documents/Projekter_DIG/VHDL_program_charaendring1/VHDL_program.srcs/constr_1/Basys-3-Master_v2.xdc:112]
CRITICAL WARNING: [Common 17-55] 'set_property' expects at least one object. [C:/Users/dotte/Documents/Projekter_DIG/VHDL_program_charaendring1/VHDL_program.srcs/constr_1/Basys-3-Master_v2.xdc:112]
Resolution: If [get_<value>] was used to populate the object, check to make sure this command returns at least one valid object.
WARNING: [Vivado 12-584] No ports matched 'btnC'. [C:/Users/dotte/Documents/Projekter_DIG/VHDL_program_charaendring1/VHDL_program.srcs/constr_1/Basys-3-Master_v2.xdc:113]
CRITICAL WARNING: [Common 17-55] 'set_property' expects at least one object. [C:/Users/dotte/Documents/Projekter_DIG/VHDL_program_charaendring1/VHDL_program.srcs/constr_1/Basys-3-Master_v2.xdc:113]
Resolution: If [get_<value>] was used to populate the object, check to make sure this command returns at least one valid object.
WARNING: [Vivado 12-584] No ports matched 'btnU'. [C:/Users/dotte/Documents/Projekter_DIG/VHDL_program_charaendring1/VHDL_program.srcs/constr_1/Basys-3-Master_v2.xdc:114]
CRITICAL WARNING: [Common 17-55] 'set_property' expects at least one object. [C:/Users/dotte/Documents/Projekter_DIG/VHDL_program_charaendring1/VHDL_program.srcs/constr_1/Basys-3-Master_v2.xdc:114]
Resolution: If [get_<value>] was used to populate the object, check to make sure this command returns at least one valid object.
WARNING: [Vivado 12-584] No ports matched 'btnU'. [C:/Users/dotte/Documents/Projekter_DIG/VHDL_program_charaendring1/VHDL_program.srcs/constr_1/Basys-3-Master_v2.xdc:115]
CRITICAL WARNING: [Common 17-55] 'set_property' expects at least one object. [C:/Users/dotte/Documents/Projekter_DIG/VHDL_program_charaendring1/VHDL_program.srcs/constr_1/Basys-3-Master_v2.xdc:115]
Resolution: If [get_<value>] was used to populate the object, check to make sure this command returns at least one valid object.
WARNING: [Vivado 12-584] No ports matched 'btnL'. [C:/Users/dotte/Documents/Projekter_DIG/VHDL_program_charaendring1/VHDL_program.srcs/constr_1/Basys-3-Master_v2.xdc:116]
CRITICAL WARNING: [Common 17-55] 'set_property' expects at least one object. [C:/Users/dotte/Documents/Projekter_DIG/VHDL_program_charaendring1/VHDL_program.srcs/constr_1/Basys-3-Master_v2.xdc:116]
Resolution: If [get_<value>] was used to populate the object, check to make sure this command returns at least one valid object.
WARNING: [Vivado 12-584] No ports matched 'btnL'. [C:/Users/dotte/Documents/Projekter_DIG/VHDL_program_charaendring1/VHDL_program.srcs/constr_1/Basys-3-Master_v2.xdc:117]
CRITICAL WARNING: [Common 17-55] 'set_property' expects at least one object. [C:/Users/dotte/Documents/Projekter_DIG/VHDL_program_charaendring1/VHDL_program.srcs/constr_1/Basys-3-Master_v2.xdc:117]
Resolution: If [get_<value>] was used to populate the object, check to make sure this command returns at least one valid object.
WARNING: [Vivado 12-584] No ports matched 'btnR'. [C:/Users/dotte/Documents/Projekter_DIG/VHDL_program_charaendring1/VHDL_program.srcs/constr_1/Basys-3-Master_v2.xdc:118]
CRITICAL WARNING: [Common 17-55] 'set_property' expects at least one object. [C:/Users/dotte/Documents/Projekter_DIG/VHDL_program_charaendring1/VHDL_program.srcs/constr_1/Basys-3-Master_v2.xdc:118]
Resolution: If [get_<value>] was used to populate the object, check to make sure this command returns at least one valid object.
WARNING: [Vivado 12-584] No ports matched 'btnR'. [C:/Users/dotte/Documents/Projekter_DIG/VHDL_program_charaendring1/VHDL_program.srcs/constr_1/Basys-3-Master_v2.xdc:119]
CRITICAL WARNING: [Common 17-55] 'set_property' expects at least one object. [C:/Users/dotte/Documents/Projekter_DIG/VHDL_program_charaendring1/VHDL_program.srcs/constr_1/Basys-3-Master_v2.xdc:119]
Resolution: If [get_<value>] was used to populate the object, check to make sure this command returns at least one valid object.
WARNING: [Vivado 12-584] No ports matched 'btnD'. [C:/Users/dotte/Documents/Projekter_DIG/VHDL_program_charaendring1/VHDL_program.srcs/constr_1/Basys-3-Master_v2.xdc:120]
CRITICAL WARNING: [Common 17-55] 'set_property' expects at least one object. [C:/Users/dotte/Documents/Projekter_DIG/VHDL_program_charaendring1/VHDL_program.srcs/constr_1/Basys-3-Master_v2.xdc:120]
Resolution: If [get_<value>] was used to populate the object, check to make sure this command returns at least one valid object.
WARNING: [Vivado 12-584] No ports matched 'btnD'. [C:/Users/dotte/Documents/Projekter_DIG/VHDL_program_charaendring1/VHDL_program.srcs/constr_1/Basys-3-Master_v2.xdc:121]
CRITICAL WARNING: [Common 17-55] 'set_property' expects at least one object. [C:/Users/dotte/Documents/Projekter_DIG/VHDL_program_charaendring1/VHDL_program.srcs/constr_1/Basys-3-Master_v2.xdc:121]
Resolution: If [get_<value>] was used to populate the object, check to make sure this command returns at least one valid object.
WARNING: [Vivado 12-507] No nets matched 'btnC_IBUF'. [C:/Users/dotte/Documents/Projekter_DIG/VHDL_program_charaendring1/VHDL_program.srcs/constr_1/Basys-3-Master_v2.xdc:125]
CRITICAL WARNING: [Common 17-55] 'set_property' expects at least one object. [C:/Users/dotte/Documents/Projekter_DIG/VHDL_program_charaendring1/VHDL_program.srcs/constr_1/Basys-3-Master_v2.xdc:125]
Resolution: If [get_<value>] was used to populate the object, check to make sure this command returns at least one valid object.
WARNING: [Vivado 12-507] No nets matched 'btnU_IBUF'. [C:/Users/dotte/Documents/Projekter_DIG/VHDL_program_charaendring1/VHDL_program.srcs/constr_1/Basys-3-Master_v2.xdc:126]
CRITICAL WARNING: [Common 17-55] 'set_property' expects at least one object. [C:/Users/dotte/Documents/Projekter_DIG/VHDL_program_charaendring1/VHDL_program.srcs/constr_1/Basys-3-Master_v2.xdc:126]
Resolution: If [get_<value>] was used to populate the object, check to make sure this command returns at least one valid object.
WARNING: [Vivado 12-507] No nets matched 'btnL_IBUF'. [C:/Users/dotte/Documents/Projekter_DIG/VHDL_program_charaendring1/VHDL_program.srcs/constr_1/Basys-3-Master_v2.xdc:127]
CRITICAL WARNING: [Common 17-55] 'set_property' expects at least one object. [C:/Users/dotte/Documents/Projekter_DIG/VHDL_program_charaendring1/VHDL_program.srcs/constr_1/Basys-3-Master_v2.xdc:127]
Resolution: If [get_<value>] was used to populate the object, check to make sure this command returns at least one valid object.
WARNING: [Vivado 12-507] No nets matched 'btnR_IBUF'. [C:/Users/dotte/Documents/Projekter_DIG/VHDL_program_charaendring1/VHDL_program.srcs/constr_1/Basys-3-Master_v2.xdc:128]
CRITICAL WARNING: [Common 17-55] 'set_property' expects at least one object. [C:/Users/dotte/Documents/Projekter_DIG/VHDL_program_charaendring1/VHDL_program.srcs/constr_1/Basys-3-Master_v2.xdc:128]
Resolution: If [get_<value>] was used to populate the object, check to make sure this command returns at least one valid object.
WARNING: [Vivado 12-507] No nets matched 'btnD_IBUF'. [C:/Users/dotte/Documents/Projekter_DIG/VHDL_program_charaendring1/VHDL_program.srcs/constr_1/Basys-3-Master_v2.xdc:129]
CRITICAL WARNING: [Common 17-55] 'set_property' expects at least one object. [C:/Users/dotte/Documents/Projekter_DIG/VHDL_program_charaendring1/VHDL_program.srcs/constr_1/Basys-3-Master_v2.xdc:129]
Resolution: If [get_<value>] was used to populate the object, check to make sure this command returns at least one valid object.
WARNING: [Vivado 12-507] No nets matched 'sck_IBUF'. [C:/Users/dotte/Documents/Projekter_DIG/VHDL_program_charaendring1/VHDL_program.srcs/constr_1/Basys-3-Master_v2.xdc:135]
CRITICAL WARNING: [Common 17-55] 'set_property' expects at least one object. [C:/Users/dotte/Documents/Projekter_DIG/VHDL_program_charaendring1/VHDL_program.srcs/constr_1/Basys-3-Master_v2.xdc:135]
Resolution: If [get_<value>] was used to populate the object, check to make sure this command returns at least one valid object.
WARNING: [Vivado 12-507] No nets matched 'ss_IBUF'. [C:/Users/dotte/Documents/Projekter_DIG/VHDL_program_charaendring1/VHDL_program.srcs/constr_1/Basys-3-Master_v2.xdc:139]
CRITICAL WARNING: [Common 17-55] 'set_property' expects at least one object. [C:/Users/dotte/Documents/Projekter_DIG/VHDL_program_charaendring1/VHDL_program.srcs/constr_1/Basys-3-Master_v2.xdc:139]
Resolution: If [get_<value>] was used to populate the object, check to make sure this command returns at least one valid object.
WARNING: [Vivado 12-584] No ports matched 'JA[3]'. [C:/Users/dotte/Documents/Projekter_DIG/VHDL_program_charaendring1/VHDL_program.srcs/constr_1/Basys-3-Master_v2.xdc:145]
CRITICAL WARNING: [Common 17-55] 'set_property' expects at least one object. [C:/Users/dotte/Documents/Projekter_DIG/VHDL_program_charaendring1/VHDL_program.srcs/constr_1/Basys-3-Master_v2.xdc:145]
Resolution: If [get_<value>] was used to populate the object, check to make sure this command returns at least one valid object.
Finished Parsing XDC File [C:/Users/dotte/Documents/Projekter_DIG/VHDL_program_charaendring1/VHDL_program.srcs/constr_1/Basys-3-Master_v2.xdc]
INFO: [Opt 31-138] Pushed 0 inverter(s) to 0 load pin(s).
Netlist sorting complete. Time (s): cpu = 00:00:00 ; elapsed = 00:00:00 . Memory (MB): peak = 1133.379 ; gain = 0.000
INFO: [Project 1-111] Unisim Transformation Summary:
No Unisim elements were transformed.

open_run: Time (s): cpu = 00:00:17 ; elapsed = 00:00:10 . Memory (MB): peak = 1276.422 ; gain = 420.012
set_property IOSTANDARD LVCMOS33 [get_ports [list {JB[1]} {JB[0]}]]
save_constraints
reset_run synth_1
launch_runs synth_1 -jobs 4
[Thu Apr  2 09:51:57 2020] Launched synth_1...
Run output will be captured here: C:/Users/dotte/Documents/Projekter_DIG/VHDL_program_charaendring1/VHDL_program.runs/synth_1/runme.log
launch_runs impl_1 -jobs 4
WARNING: [Project 1-478] Design 'synth_1' is stale and will not be used when launching 'impl_1'
[Thu Apr  2 09:53:33 2020] Launched impl_1...
Run output will be captured here: C:/Users/dotte/Documents/Projekter_DIG/VHDL_program_charaendring1/VHDL_program.runs/impl_1/runme.log
set_property IOSTANDARD LVCMOS33 [get_ports [list JA3]]
save_constraints -force
reset_run synth_1
launch_runs synth_1 -jobs 4
[Thu Apr  2 09:56:21 2020] Launched synth_1...
Run output will be captured here: C:/Users/dotte/Documents/Projekter_DIG/VHDL_program_charaendring1/VHDL_program.runs/synth_1/runme.log
launch_runs impl_1 -jobs 4
WARNING: [Project 1-478] Design 'synth_1' is stale and will not be used when launching 'impl_1'
[Thu Apr  2 09:57:08 2020] Launched impl_1...
Run output will be captured here: C:/Users/dotte/Documents/Projekter_DIG/VHDL_program_charaendring1/VHDL_program.runs/impl_1/runme.log
