#-----------------------------------------------------------
# Vivado v2019.2 (64-bit)
# SW Build 2708876 on Wed Nov  6 21:40:23 MST 2019
# IP Build 2700528 on Thu Nov  7 00:09:20 MST 2019
# Start of session at: Tue Apr 28 14:04:15 2020
# Process ID: 10120
# Current directory: C:/Users/dotte/Documents/Sempro4/VHDL_program
# Command line: vivado.exe -gui_launcher_event rodinguilauncherevent8332 C:\Users\dotte\Documents\Sempro4\VHDL_program\VHDL_program.xpr
# Log file: C:/Users/dotte/Documents/Sempro4/VHDL_program/vivado.log
# Journal file: C:/Users/dotte/Documents/Sempro4/VHDL_program\vivado.jou
#-----------------------------------------------------------
start_gui
open_project C:/Users/dotte/Documents/Sempro4/VHDL_program/VHDL_program.xpr
INFO: [Project 1-313] Project file moved from 'C:/Users/frida/Documents/4_semester/Projekt/Sempro4/VHDL_program' since last save.
Scanning sources...
Finished scanning sources
INFO: [IP_Flow 19-234] Refreshing IP repositories
INFO: [IP_Flow 19-1704] No user IP repositories specified
INFO: [IP_Flow 19-2313] Loaded Vivado IP repository 'C:/Xilinx/Vivado/2019.2/data/ip'.
open_project: Time (s): cpu = 00:00:27 ; elapsed = 00:00:13 . Memory (MB): peak = 784.746 ; gain = 145.348
update_compile_order -fileset sources_1
reset_run synth_1
launch_runs synth_1 -jobs 4
CRITICAL WARNING: [HDL 9-806] Syntax error near "process". [C:/Users/dotte/Documents/Sempro4/VHDL_program/VHDL_program.srcs/sources_1/new/SPI_Analysis.vhd:86]
[Tue Apr 28 14:16:24 2020] Launched synth_1...
Run output will be captured here: C:/Users/dotte/Documents/Sempro4/VHDL_program/VHDL_program.runs/synth_1/runme.log
reset_run synth_1
launch_runs synth_1 -jobs 4
CRITICAL WARNING: [HDL 9-806] Syntax error near "process". [C:/Users/dotte/Documents/Sempro4/VHDL_program/VHDL_program.srcs/sources_1/new/SPI_Analysis.vhd:86]
[Tue Apr 28 14:19:26 2020] Launched synth_1...
Run output will be captured here: C:/Users/dotte/Documents/Sempro4/VHDL_program/VHDL_program.runs/synth_1/runme.log
reset_run synth_1
launch_runs synth_1 -jobs 4
CRITICAL WARNING: [HDL 9-806] Syntax error near "process". [C:/Users/dotte/Documents/Sempro4/VHDL_program/VHDL_program.srcs/sources_1/new/SPI_Analysis.vhd:86]
[Tue Apr 28 14:20:23 2020] Launched synth_1...
Run output will be captured here: C:/Users/dotte/Documents/Sempro4/VHDL_program/VHDL_program.runs/synth_1/runme.log
launch_runs impl_1 -jobs 4
[Tue Apr 28 14:21:24 2020] Launched impl_1...
Run output will be captured here: C:/Users/dotte/Documents/Sempro4/VHDL_program/VHDL_program.runs/impl_1/runme.log
reset_run synth_1
launch_runs synth_1 -jobs 4
CRITICAL WARNING: [HDL 9-806] Syntax error near "process". [C:/Users/dotte/Documents/Sempro4/VHDL_program/VHDL_program.srcs/sources_1/new/SPI_Analysis.vhd:86]
[Tue Apr 28 14:23:08 2020] Launched synth_1...
Run output will be captured here: C:/Users/dotte/Documents/Sempro4/VHDL_program/VHDL_program.runs/synth_1/runme.log
reset_run synth_1
launch_runs synth_1 -jobs 4
[Tue Apr 28 14:26:26 2020] Launched synth_1...
Run output will be captured here: C:/Users/dotte/Documents/Sempro4/VHDL_program/VHDL_program.runs/synth_1/runme.log
exit
INFO: [Common 17-206] Exiting Vivado at Tue Apr 28 14:34:00 2020...
