Copyright 1986-2019 Xilinx, Inc. All Rights Reserved.
--------------------------------------------------------------------------------------------------------------------------------------------------------------
| Tool Version : Vivado v.2019.2 (win64) Build 2708876 Wed Nov  6 21:40:23 MST 2019
| Date         : Tue Apr 28 13:33:06 2020
| Host         : DESKTOP-CI69V0G running 64-bit major release  (build 9200)
| Command      : report_methodology -file TopLevel_methodology_drc_routed.rpt -pb TopLevel_methodology_drc_routed.pb -rpx TopLevel_methodology_drc_routed.rpx
| Design       : TopLevel
| Device       : xc7a35tcpg236-1
| Speed File   : -1
| Design State : Fully Routed
--------------------------------------------------------------------------------------------------------------------------------------------------------------

Report Methodology

Table of Contents
-----------------
1. REPORT SUMMARY
2. REPORT DETAILS

1. REPORT SUMMARY
-----------------
            Netlist: netlist
          Floorplan: design_1
      Design limits: <entire design considered>
             Max violations: <unlimited>
             Violations found: 149
+-----------+------------------+------------------------------+------------+
| Rule      | Severity         | Description                  | Violations |
+-----------+------------------+------------------------------+------------+
| TIMING-17 | Critical Warning | Non-clocked sequential cell  | 107        |
| LUTAR-1   | Warning          | LUT drives async reset alert | 17         |
| TIMING-20 | Warning          | Non-clocked latch            | 25         |
+-----------+------------------+------------------------------+------------+

2. REPORT DETAILS
-----------------
TIMING-17#1 Critical Warning
Non-clocked sequential cell  
The clock pin Hardware_Feedback_1/ABab_reg[2]/C is not reached by a timing clock
Related violations: <none>

TIMING-17#2 Critical Warning
Non-clocked sequential cell  
The clock pin Hardware_Feedback_1/ABab_reg[3]/C is not reached by a timing clock
Related violations: <none>

TIMING-17#3 Critical Warning
Non-clocked sequential cell  
The clock pin Hardware_Feedback_1/angle_reg[0]/C is not reached by a timing clock
Related violations: <none>

TIMING-17#4 Critical Warning
Non-clocked sequential cell  
The clock pin Hardware_Feedback_1/angle_reg[1]/C is not reached by a timing clock
Related violations: <none>

TIMING-17#5 Critical Warning
Non-clocked sequential cell  
The clock pin Hardware_Feedback_1/angle_reg[2]/C is not reached by a timing clock
Related violations: <none>

TIMING-17#6 Critical Warning
Non-clocked sequential cell  
The clock pin Hardware_Feedback_1/angle_reg[3]/C is not reached by a timing clock
Related violations: <none>

TIMING-17#7 Critical Warning
Non-clocked sequential cell  
The clock pin Hardware_Feedback_1/angle_reg[4]/C is not reached by a timing clock
Related violations: <none>

TIMING-17#8 Critical Warning
Non-clocked sequential cell  
The clock pin Hardware_Feedback_1/angle_reg[5]/C is not reached by a timing clock
Related violations: <none>

TIMING-17#9 Critical Warning
Non-clocked sequential cell  
The clock pin Hardware_Feedback_1/angle_reg[6]/C is not reached by a timing clock
Related violations: <none>

TIMING-17#10 Critical Warning
Non-clocked sequential cell  
The clock pin Hardware_Feedback_1/angle_reg[7]/C is not reached by a timing clock
Related violations: <none>

TIMING-17#11 Critical Warning
Non-clocked sequential cell  
The clock pin Hardware_Feedback_1/counter_reg[0]/C is not reached by a timing clock
Related violations: <none>

TIMING-17#12 Critical Warning
Non-clocked sequential cell  
The clock pin Hardware_Feedback_1/counter_reg[10]/C is not reached by a timing clock
Related violations: <none>

TIMING-17#13 Critical Warning
Non-clocked sequential cell  
The clock pin Hardware_Feedback_1/counter_reg[11]/C is not reached by a timing clock
Related violations: <none>

TIMING-17#14 Critical Warning
Non-clocked sequential cell  
The clock pin Hardware_Feedback_1/counter_reg[12]/C is not reached by a timing clock
Related violations: <none>

TIMING-17#15 Critical Warning
Non-clocked sequential cell  
The clock pin Hardware_Feedback_1/counter_reg[13]/C is not reached by a timing clock
Related violations: <none>

TIMING-17#16 Critical Warning
Non-clocked sequential cell  
The clock pin Hardware_Feedback_1/counter_reg[14]/C is not reached by a timing clock
Related violations: <none>

TIMING-17#17 Critical Warning
Non-clocked sequential cell  
The clock pin Hardware_Feedback_1/counter_reg[15]/C is not reached by a timing clock
Related violations: <none>

TIMING-17#18 Critical Warning
Non-clocked sequential cell  
The clock pin Hardware_Feedback_1/counter_reg[1]/C is not reached by a timing clock
Related violations: <none>

TIMING-17#19 Critical Warning
Non-clocked sequential cell  
The clock pin Hardware_Feedback_1/counter_reg[2]/C is not reached by a timing clock
Related violations: <none>

TIMING-17#20 Critical Warning
Non-clocked sequential cell  
The clock pin Hardware_Feedback_1/counter_reg[3]/C is not reached by a timing clock
Related violations: <none>

TIMING-17#21 Critical Warning
Non-clocked sequential cell  
The clock pin Hardware_Feedback_1/counter_reg[4]/C is not reached by a timing clock
Related violations: <none>

TIMING-17#22 Critical Warning
Non-clocked sequential cell  
The clock pin Hardware_Feedback_1/counter_reg[5]/C is not reached by a timing clock
Related violations: <none>

TIMING-17#23 Critical Warning
Non-clocked sequential cell  
The clock pin Hardware_Feedback_1/counter_reg[6]/C is not reached by a timing clock
Related violations: <none>

TIMING-17#24 Critical Warning
Non-clocked sequential cell  
The clock pin Hardware_Feedback_1/counter_reg[7]/C is not reached by a timing clock
Related violations: <none>

TIMING-17#25 Critical Warning
Non-clocked sequential cell  
The clock pin Hardware_Feedback_1/counter_reg[8]/C is not reached by a timing clock
Related violations: <none>

TIMING-17#26 Critical Warning
Non-clocked sequential cell  
The clock pin Hardware_Feedback_1/counter_reg[9]/C is not reached by a timing clock
Related violations: <none>

TIMING-17#27 Critical Warning
Non-clocked sequential cell  
The clock pin Hardware_Feedback_1/leds_reg[0]/C is not reached by a timing clock
Related violations: <none>

TIMING-17#28 Critical Warning
Non-clocked sequential cell  
The clock pin Hardware_Feedback_1/leds_reg[13]/C is not reached by a timing clock
Related violations: <none>

TIMING-17#29 Critical Warning
Non-clocked sequential cell  
The clock pin Hardware_Feedback_1/leds_reg[14]/C is not reached by a timing clock
Related violations: <none>

TIMING-17#30 Critical Warning
Non-clocked sequential cell  
The clock pin Hardware_Feedback_1/leds_reg[1]/C is not reached by a timing clock
Related violations: <none>

TIMING-17#31 Critical Warning
Non-clocked sequential cell  
The clock pin Hardware_Feedback_1/leds_reg[2]/C is not reached by a timing clock
Related violations: <none>

TIMING-17#32 Critical Warning
Non-clocked sequential cell  
The clock pin Hardware_Feedback_1/leds_reg[3]/C is not reached by a timing clock
Related violations: <none>

TIMING-17#33 Critical Warning
Non-clocked sequential cell  
The clock pin Hardware_Feedback_1/reset_reg/C is not reached by a timing clock
Related violations: <none>

TIMING-17#34 Critical Warning
Non-clocked sequential cell  
The clock pin Hardware_Feedback_2/ABab_reg[2]/C is not reached by a timing clock
Related violations: <none>

TIMING-17#35 Critical Warning
Non-clocked sequential cell  
The clock pin Hardware_Feedback_2/ABab_reg[3]/C is not reached by a timing clock
Related violations: <none>

TIMING-17#36 Critical Warning
Non-clocked sequential cell  
The clock pin Hardware_Feedback_2/angle_reg[0]/C is not reached by a timing clock
Related violations: <none>

TIMING-17#37 Critical Warning
Non-clocked sequential cell  
The clock pin Hardware_Feedback_2/angle_reg[1]/C is not reached by a timing clock
Related violations: <none>

TIMING-17#38 Critical Warning
Non-clocked sequential cell  
The clock pin Hardware_Feedback_2/angle_reg[2]/C is not reached by a timing clock
Related violations: <none>

TIMING-17#39 Critical Warning
Non-clocked sequential cell  
The clock pin Hardware_Feedback_2/angle_reg[3]/C is not reached by a timing clock
Related violations: <none>

TIMING-17#40 Critical Warning
Non-clocked sequential cell  
The clock pin Hardware_Feedback_2/angle_reg[4]/C is not reached by a timing clock
Related violations: <none>

TIMING-17#41 Critical Warning
Non-clocked sequential cell  
The clock pin Hardware_Feedback_2/angle_reg[5]/C is not reached by a timing clock
Related violations: <none>

TIMING-17#42 Critical Warning
Non-clocked sequential cell  
The clock pin Hardware_Feedback_2/angle_reg[6]/C is not reached by a timing clock
Related violations: <none>

TIMING-17#43 Critical Warning
Non-clocked sequential cell  
The clock pin Hardware_Feedback_2/angle_reg[7]/C is not reached by a timing clock
Related violations: <none>

TIMING-17#44 Critical Warning
Non-clocked sequential cell  
The clock pin Hardware_Feedback_2/counter_reg[0]/C is not reached by a timing clock
Related violations: <none>

TIMING-17#45 Critical Warning
Non-clocked sequential cell  
The clock pin Hardware_Feedback_2/counter_reg[1]/C is not reached by a timing clock
Related violations: <none>

TIMING-17#46 Critical Warning
Non-clocked sequential cell  
The clock pin Hardware_Feedback_2/counter_reg[2]/C is not reached by a timing clock
Related violations: <none>

TIMING-17#47 Critical Warning
Non-clocked sequential cell  
The clock pin Hardware_Feedback_2/counter_reg[3]/C is not reached by a timing clock
Related violations: <none>

TIMING-17#48 Critical Warning
Non-clocked sequential cell  
The clock pin Hardware_Feedback_2/counter_reg[4]/C is not reached by a timing clock
Related violations: <none>

TIMING-17#49 Critical Warning
Non-clocked sequential cell  
The clock pin Hardware_Feedback_2/counter_reg[5]/C is not reached by a timing clock
Related violations: <none>

TIMING-17#50 Critical Warning
Non-clocked sequential cell  
The clock pin Hardware_Feedback_2/counter_reg[6]/C is not reached by a timing clock
Related violations: <none>

TIMING-17#51 Critical Warning
Non-clocked sequential cell  
The clock pin Hardware_Feedback_2/counter_reg[7]/C is not reached by a timing clock
Related violations: <none>

TIMING-17#52 Critical Warning
Non-clocked sequential cell  
The clock pin Hardware_Feedback_2/reset_reg/C is not reached by a timing clock
Related violations: <none>

TIMING-17#53 Critical Warning
Non-clocked sequential cell  
The clock pin InterfaceTiva1/data_temp_reg[0]/C is not reached by a timing clock
Related violations: <none>

TIMING-17#54 Critical Warning
Non-clocked sequential cell  
The clock pin InterfaceTiva1/data_temp_reg[1]/C is not reached by a timing clock
Related violations: <none>

TIMING-17#55 Critical Warning
Non-clocked sequential cell  
The clock pin InterfaceTiva1/data_temp_reg[2]/C is not reached by a timing clock
Related violations: <none>

TIMING-17#56 Critical Warning
Non-clocked sequential cell  
The clock pin InterfaceTiva1/data_temp_reg[3]/C is not reached by a timing clock
Related violations: <none>

TIMING-17#57 Critical Warning
Non-clocked sequential cell  
The clock pin InterfaceTiva1/data_temp_reg[4]/C is not reached by a timing clock
Related violations: <none>

TIMING-17#58 Critical Warning
Non-clocked sequential cell  
The clock pin InterfaceTiva1/data_temp_reg[5]/C is not reached by a timing clock
Related violations: <none>

TIMING-17#59 Critical Warning
Non-clocked sequential cell  
The clock pin InterfaceTiva1/data_temp_reg[6]/C is not reached by a timing clock
Related violations: <none>

TIMING-17#60 Critical Warning
Non-clocked sequential cell  
The clock pin InterfaceTiva1/data_temp_reg[7]/C is not reached by a timing clock
Related violations: <none>

TIMING-17#61 Critical Warning
Non-clocked sequential cell  
The clock pin InterfaceTiva1/index_reg[0]/C is not reached by a timing clock
Related violations: <none>

TIMING-17#62 Critical Warning
Non-clocked sequential cell  
The clock pin InterfaceTiva1/index_reg[10]/C is not reached by a timing clock
Related violations: <none>

TIMING-17#63 Critical Warning
Non-clocked sequential cell  
The clock pin InterfaceTiva1/index_reg[11]/C is not reached by a timing clock
Related violations: <none>

TIMING-17#64 Critical Warning
Non-clocked sequential cell  
The clock pin InterfaceTiva1/index_reg[12]/C is not reached by a timing clock
Related violations: <none>

TIMING-17#65 Critical Warning
Non-clocked sequential cell  
The clock pin InterfaceTiva1/index_reg[13]/C is not reached by a timing clock
Related violations: <none>

TIMING-17#66 Critical Warning
Non-clocked sequential cell  
The clock pin InterfaceTiva1/index_reg[14]/C is not reached by a timing clock
Related violations: <none>

TIMING-17#67 Critical Warning
Non-clocked sequential cell  
The clock pin InterfaceTiva1/index_reg[15]/C is not reached by a timing clock
Related violations: <none>

TIMING-17#68 Critical Warning
Non-clocked sequential cell  
The clock pin InterfaceTiva1/index_reg[16]/C is not reached by a timing clock
Related violations: <none>

TIMING-17#69 Critical Warning
Non-clocked sequential cell  
The clock pin InterfaceTiva1/index_reg[17]/C is not reached by a timing clock
Related violations: <none>

TIMING-17#70 Critical Warning
Non-clocked sequential cell  
The clock pin InterfaceTiva1/index_reg[18]/C is not reached by a timing clock
Related violations: <none>

TIMING-17#71 Critical Warning
Non-clocked sequential cell  
The clock pin InterfaceTiva1/index_reg[19]/C is not reached by a timing clock
Related violations: <none>

TIMING-17#72 Critical Warning
Non-clocked sequential cell  
The clock pin InterfaceTiva1/index_reg[1]/C is not reached by a timing clock
Related violations: <none>

TIMING-17#73 Critical Warning
Non-clocked sequential cell  
The clock pin InterfaceTiva1/index_reg[20]/C is not reached by a timing clock
Related violations: <none>

TIMING-17#74 Critical Warning
Non-clocked sequential cell  
The clock pin InterfaceTiva1/index_reg[21]/C is not reached by a timing clock
Related violations: <none>

TIMING-17#75 Critical Warning
Non-clocked sequential cell  
The clock pin InterfaceTiva1/index_reg[22]/C is not reached by a timing clock
Related violations: <none>

TIMING-17#76 Critical Warning
Non-clocked sequential cell  
The clock pin InterfaceTiva1/index_reg[23]/C is not reached by a timing clock
Related violations: <none>

TIMING-17#77 Critical Warning
Non-clocked sequential cell  
The clock pin InterfaceTiva1/index_reg[24]/C is not reached by a timing clock
Related violations: <none>

TIMING-17#78 Critical Warning
Non-clocked sequential cell  
The clock pin InterfaceTiva1/index_reg[25]/C is not reached by a timing clock
Related violations: <none>

TIMING-17#79 Critical Warning
Non-clocked sequential cell  
The clock pin InterfaceTiva1/index_reg[26]/C is not reached by a timing clock
Related violations: <none>

TIMING-17#80 Critical Warning
Non-clocked sequential cell  
The clock pin InterfaceTiva1/index_reg[27]/C is not reached by a timing clock
Related violations: <none>

TIMING-17#81 Critical Warning
Non-clocked sequential cell  
The clock pin InterfaceTiva1/index_reg[28]/C is not reached by a timing clock
Related violations: <none>

TIMING-17#82 Critical Warning
Non-clocked sequential cell  
The clock pin InterfaceTiva1/index_reg[29]/C is not reached by a timing clock
Related violations: <none>

TIMING-17#83 Critical Warning
Non-clocked sequential cell  
The clock pin InterfaceTiva1/index_reg[2]/C is not reached by a timing clock
Related violations: <none>

TIMING-17#84 Critical Warning
Non-clocked sequential cell  
The clock pin InterfaceTiva1/index_reg[30]/C is not reached by a timing clock
Related violations: <none>

TIMING-17#85 Critical Warning
Non-clocked sequential cell  
The clock pin InterfaceTiva1/index_reg[31]/C is not reached by a timing clock
Related violations: <none>

TIMING-17#86 Critical Warning
Non-clocked sequential cell  
The clock pin InterfaceTiva1/index_reg[3]/C is not reached by a timing clock
Related violations: <none>

TIMING-17#87 Critical Warning
Non-clocked sequential cell  
The clock pin InterfaceTiva1/index_reg[4]/C is not reached by a timing clock
Related violations: <none>

TIMING-17#88 Critical Warning
Non-clocked sequential cell  
The clock pin InterfaceTiva1/index_reg[5]/C is not reached by a timing clock
Related violations: <none>

TIMING-17#89 Critical Warning
Non-clocked sequential cell  
The clock pin InterfaceTiva1/index_reg[6]/C is not reached by a timing clock
Related violations: <none>

TIMING-17#90 Critical Warning
Non-clocked sequential cell  
The clock pin InterfaceTiva1/index_reg[7]/C is not reached by a timing clock
Related violations: <none>

TIMING-17#91 Critical Warning
Non-clocked sequential cell  
The clock pin InterfaceTiva1/index_reg[8]/C is not reached by a timing clock
Related violations: <none>

TIMING-17#92 Critical Warning
Non-clocked sequential cell  
The clock pin InterfaceTiva1/index_reg[9]/C is not reached by a timing clock
Related violations: <none>

TIMING-17#93 Critical Warning
Non-clocked sequential cell  
The clock pin InterfaceTiva2/data_out_reg[0]_P/C is not reached by a timing clock
Related violations: <none>

TIMING-17#94 Critical Warning
Non-clocked sequential cell  
The clock pin InterfaceTiva2/data_out_reg[1]_C/C is not reached by a timing clock
Related violations: <none>

TIMING-17#95 Critical Warning
Non-clocked sequential cell  
The clock pin InterfaceTiva2/data_out_reg[1]_P/C is not reached by a timing clock
Related violations: <none>

TIMING-17#96 Critical Warning
Non-clocked sequential cell  
The clock pin InterfaceTiva2/data_out_reg[2]_C/C is not reached by a timing clock
Related violations: <none>

TIMING-17#97 Critical Warning
Non-clocked sequential cell  
The clock pin InterfaceTiva2/data_out_reg[2]_P/C is not reached by a timing clock
Related violations: <none>

TIMING-17#98 Critical Warning
Non-clocked sequential cell  
The clock pin InterfaceTiva2/data_out_reg[3]_C/C is not reached by a timing clock
Related violations: <none>

TIMING-17#99 Critical Warning
Non-clocked sequential cell  
The clock pin InterfaceTiva2/data_out_reg[3]_P/C is not reached by a timing clock
Related violations: <none>

TIMING-17#100 Critical Warning
Non-clocked sequential cell  
The clock pin InterfaceTiva2/data_out_reg[4]_C/C is not reached by a timing clock
Related violations: <none>

TIMING-17#101 Critical Warning
Non-clocked sequential cell  
The clock pin InterfaceTiva2/data_out_reg[4]_P/C is not reached by a timing clock
Related violations: <none>

TIMING-17#102 Critical Warning
Non-clocked sequential cell  
The clock pin InterfaceTiva2/data_out_reg[5]_C/C is not reached by a timing clock
Related violations: <none>

TIMING-17#103 Critical Warning
Non-clocked sequential cell  
The clock pin InterfaceTiva2/data_out_reg[5]_P/C is not reached by a timing clock
Related violations: <none>

TIMING-17#104 Critical Warning
Non-clocked sequential cell  
The clock pin InterfaceTiva2/data_out_reg[6]_C/C is not reached by a timing clock
Related violations: <none>

TIMING-17#105 Critical Warning
Non-clocked sequential cell  
The clock pin InterfaceTiva2/data_out_reg[6]_P/C is not reached by a timing clock
Related violations: <none>

TIMING-17#106 Critical Warning
Non-clocked sequential cell  
The clock pin InterfaceTiva2/data_out_reg[7]_C/C is not reached by a timing clock
Related violations: <none>

TIMING-17#107 Critical Warning
Non-clocked sequential cell  
The clock pin InterfaceTiva2/data_out_reg[7]_P/C is not reached by a timing clock
Related violations: <none>

LUTAR-1#1 Warning
LUT drives async reset alert  
LUT cell InterfaceTiva1/index[31]_i_1, with 2 or more inputs, drives asynchronous preset/clear pin(s) InterfaceTiva1/index_reg[10]/CLR, InterfaceTiva1/index_reg[11]/CLR, InterfaceTiva1/index_reg[12]/CLR, InterfaceTiva1/index_reg[13]/CLR, InterfaceTiva1/index_reg[14]/CLR, InterfaceTiva1/index_reg[15]/CLR, InterfaceTiva1/index_reg[16]/CLR, InterfaceTiva1/index_reg[17]/CLR, InterfaceTiva1/index_reg[18]/CLR, InterfaceTiva1/index_reg[19]/CLR, InterfaceTiva1/index_reg[20]/CLR, InterfaceTiva1/index_reg[21]/CLR, InterfaceTiva1/index_reg[22]/CLR, InterfaceTiva1/index_reg[23]/CLR, InterfaceTiva1/index_reg[24]/CLR (the first 15 of 32 listed). The LUT may glitch and trigger an unexpected reset, even if it is a properly timed path.
Related violations: <none>

LUTAR-1#2 Warning
LUT drives async reset alert  
LUT cell Interface_Analysis/data_out_reg[0]_LDC_i_1, with 2 or more inputs, drives asynchronous preset/clear pin(s) InterfaceTiva2/data_out_reg[0]_P/PRE. The LUT may glitch and trigger an unexpected reset, even if it is a properly timed path.
Related violations: <none>

LUTAR-1#3 Warning
LUT drives async reset alert  
LUT cell Interface_Analysis/data_out_reg[0]_LDC_i_2, with 2 or more inputs, drives asynchronous preset/clear pin(s) InterfaceTiva2/data_out_reg[0]_LDC/CLR. The LUT may glitch and trigger an unexpected reset, even if it is a properly timed path.
Related violations: <none>

LUTAR-1#4 Warning
LUT drives async reset alert  
LUT cell Interface_Analysis/data_out_reg[1]_LDC_i_1, with 2 or more inputs, drives asynchronous preset/clear pin(s) InterfaceTiva2/data_out_reg[1]_P/PRE. The LUT may glitch and trigger an unexpected reset, even if it is a properly timed path.
Related violations: <none>

LUTAR-1#5 Warning
LUT drives async reset alert  
LUT cell Interface_Analysis/data_out_reg[1]_LDC_i_2, with 2 or more inputs, drives asynchronous preset/clear pin(s) InterfaceTiva2/data_out_reg[1]_C/CLR, InterfaceTiva2/data_out_reg[1]_LDC/CLR. The LUT may glitch and trigger an unexpected reset, even if it is a properly timed path.
Related violations: <none>

LUTAR-1#6 Warning
LUT drives async reset alert  
LUT cell Interface_Analysis/data_out_reg[2]_LDC_i_1, with 2 or more inputs, drives asynchronous preset/clear pin(s) InterfaceTiva2/data_out_reg[2]_P/PRE. The LUT may glitch and trigger an unexpected reset, even if it is a properly timed path.
Related violations: <none>

LUTAR-1#7 Warning
LUT drives async reset alert  
LUT cell Interface_Analysis/data_out_reg[2]_LDC_i_2, with 2 or more inputs, drives asynchronous preset/clear pin(s) InterfaceTiva2/data_out_reg[2]_C/CLR, InterfaceTiva2/data_out_reg[2]_LDC/CLR. The LUT may glitch and trigger an unexpected reset, even if it is a properly timed path.
Related violations: <none>

LUTAR-1#8 Warning
LUT drives async reset alert  
LUT cell Interface_Analysis/data_out_reg[3]_LDC_i_1, with 2 or more inputs, drives asynchronous preset/clear pin(s) InterfaceTiva2/data_out_reg[3]_P/PRE. The LUT may glitch and trigger an unexpected reset, even if it is a properly timed path.
Related violations: <none>

LUTAR-1#9 Warning
LUT drives async reset alert  
LUT cell Interface_Analysis/data_out_reg[3]_LDC_i_2, with 2 or more inputs, drives asynchronous preset/clear pin(s) InterfaceTiva2/data_out_reg[3]_C/CLR, InterfaceTiva2/data_out_reg[3]_LDC/CLR. The LUT may glitch and trigger an unexpected reset, even if it is a properly timed path.
Related violations: <none>

LUTAR-1#10 Warning
LUT drives async reset alert  
LUT cell Interface_Analysis/data_out_reg[4]_LDC_i_1, with 2 or more inputs, drives asynchronous preset/clear pin(s) InterfaceTiva2/data_out_reg[4]_P/PRE. The LUT may glitch and trigger an unexpected reset, even if it is a properly timed path.
Related violations: <none>

LUTAR-1#11 Warning
LUT drives async reset alert  
LUT cell Interface_Analysis/data_out_reg[4]_LDC_i_2, with 2 or more inputs, drives asynchronous preset/clear pin(s) InterfaceTiva2/data_out_reg[4]_C/CLR, InterfaceTiva2/data_out_reg[4]_LDC/CLR. The LUT may glitch and trigger an unexpected reset, even if it is a properly timed path.
Related violations: <none>

LUTAR-1#12 Warning
LUT drives async reset alert  
LUT cell Interface_Analysis/data_out_reg[5]_LDC_i_1, with 2 or more inputs, drives asynchronous preset/clear pin(s) InterfaceTiva2/data_out_reg[5]_P/PRE. The LUT may glitch and trigger an unexpected reset, even if it is a properly timed path.
Related violations: <none>

LUTAR-1#13 Warning
LUT drives async reset alert  
LUT cell Interface_Analysis/data_out_reg[5]_LDC_i_2, with 2 or more inputs, drives asynchronous preset/clear pin(s) InterfaceTiva2/data_out_reg[5]_C/CLR, InterfaceTiva2/data_out_reg[5]_LDC/CLR. The LUT may glitch and trigger an unexpected reset, even if it is a properly timed path.
Related violations: <none>

LUTAR-1#14 Warning
LUT drives async reset alert  
LUT cell Interface_Analysis/data_out_reg[6]_LDC_i_1, with 2 or more inputs, drives asynchronous preset/clear pin(s) InterfaceTiva2/data_out_reg[6]_P/PRE. The LUT may glitch and trigger an unexpected reset, even if it is a properly timed path.
Related violations: <none>

LUTAR-1#15 Warning
LUT drives async reset alert  
LUT cell Interface_Analysis/data_out_reg[6]_LDC_i_2, with 2 or more inputs, drives asynchronous preset/clear pin(s) InterfaceTiva2/data_out_reg[6]_C/CLR, InterfaceTiva2/data_out_reg[6]_LDC/CLR. The LUT may glitch and trigger an unexpected reset, even if it is a properly timed path.
Related violations: <none>

LUTAR-1#16 Warning
LUT drives async reset alert  
LUT cell Interface_Analysis/data_out_reg[7]_LDC_i_1, with 2 or more inputs, drives asynchronous preset/clear pin(s) InterfaceTiva2/data_out_reg[7]_P/PRE. The LUT may glitch and trigger an unexpected reset, even if it is a properly timed path.
Related violations: <none>

LUTAR-1#17 Warning
LUT drives async reset alert  
LUT cell Interface_Analysis/data_out_reg[7]_LDC_i_2, with 2 or more inputs, drives asynchronous preset/clear pin(s) InterfaceTiva2/data_out_reg[7]_C/CLR, InterfaceTiva2/data_out_reg[7]_LDC/CLR. The LUT may glitch and trigger an unexpected reset, even if it is a properly timed path.
Related violations: <none>

TIMING-20#1 Warning
Non-clocked latch  
The latch InterfaceTiva1/data_reg[0] cannot be properly analyzed as its control pin InterfaceTiva1/data_reg[0]/G is not reached by a timing clock
Related violations: <none>

TIMING-20#2 Warning
Non-clocked latch  
The latch InterfaceTiva1/data_reg[1] cannot be properly analyzed as its control pin InterfaceTiva1/data_reg[1]/G is not reached by a timing clock
Related violations: <none>

TIMING-20#3 Warning
Non-clocked latch  
The latch InterfaceTiva1/data_reg[2] cannot be properly analyzed as its control pin InterfaceTiva1/data_reg[2]/G is not reached by a timing clock
Related violations: <none>

TIMING-20#4 Warning
Non-clocked latch  
The latch InterfaceTiva1/data_reg[3] cannot be properly analyzed as its control pin InterfaceTiva1/data_reg[3]/G is not reached by a timing clock
Related violations: <none>

TIMING-20#5 Warning
Non-clocked latch  
The latch InterfaceTiva1/data_reg[4] cannot be properly analyzed as its control pin InterfaceTiva1/data_reg[4]/G is not reached by a timing clock
Related violations: <none>

TIMING-20#6 Warning
Non-clocked latch  
The latch InterfaceTiva1/data_reg[5] cannot be properly analyzed as its control pin InterfaceTiva1/data_reg[5]/G is not reached by a timing clock
Related violations: <none>

TIMING-20#7 Warning
Non-clocked latch  
The latch InterfaceTiva1/data_reg[6] cannot be properly analyzed as its control pin InterfaceTiva1/data_reg[6]/G is not reached by a timing clock
Related violations: <none>

TIMING-20#8 Warning
Non-clocked latch  
The latch InterfaceTiva1/data_reg[7] cannot be properly analyzed as its control pin InterfaceTiva1/data_reg[7]/G is not reached by a timing clock
Related violations: <none>

TIMING-20#9 Warning
Non-clocked latch  
The latch InterfaceTiva2/data_out_reg[0]_LDC cannot be properly analyzed as its control pin InterfaceTiva2/data_out_reg[0]_LDC/G is not reached by a timing clock
Related violations: <none>

TIMING-20#10 Warning
Non-clocked latch  
The latch InterfaceTiva2/data_out_reg[1]_LDC cannot be properly analyzed as its control pin InterfaceTiva2/data_out_reg[1]_LDC/G is not reached by a timing clock
Related violations: <none>

TIMING-20#11 Warning
Non-clocked latch  
The latch InterfaceTiva2/data_out_reg[2]_LDC cannot be properly analyzed as its control pin InterfaceTiva2/data_out_reg[2]_LDC/G is not reached by a timing clock
Related violations: <none>

TIMING-20#12 Warning
Non-clocked latch  
The latch InterfaceTiva2/data_out_reg[3]_LDC cannot be properly analyzed as its control pin InterfaceTiva2/data_out_reg[3]_LDC/G is not reached by a timing clock
Related violations: <none>

TIMING-20#13 Warning
Non-clocked latch  
The latch InterfaceTiva2/data_out_reg[4]_LDC cannot be properly analyzed as its control pin InterfaceTiva2/data_out_reg[4]_LDC/G is not reached by a timing clock
Related violations: <none>

TIMING-20#14 Warning
Non-clocked latch  
The latch InterfaceTiva2/data_out_reg[5]_LDC cannot be properly analyzed as its control pin InterfaceTiva2/data_out_reg[5]_LDC/G is not reached by a timing clock
Related violations: <none>

TIMING-20#15 Warning
Non-clocked latch  
The latch InterfaceTiva2/data_out_reg[6]_LDC cannot be properly analyzed as its control pin InterfaceTiva2/data_out_reg[6]_LDC/G is not reached by a timing clock
Related violations: <none>

TIMING-20#16 Warning
Non-clocked latch  
The latch InterfaceTiva2/data_out_reg[7]_LDC cannot be properly analyzed as its control pin InterfaceTiva2/data_out_reg[7]_LDC/G is not reached by a timing clock
Related violations: <none>

TIMING-20#17 Warning
Non-clocked latch  
The latch InterfaceTiva2/miso_reg cannot be properly analyzed as its control pin InterfaceTiva2/miso_reg/G is not reached by a timing clock
Related violations: <none>

TIMING-20#18 Warning
Non-clocked latch  
The latch Interface_Analysis/data_send_reg[0] cannot be properly analyzed as its control pin Interface_Analysis/data_send_reg[0]/G is not reached by a timing clock
Related violations: <none>

TIMING-20#19 Warning
Non-clocked latch  
The latch Interface_Analysis/data_send_reg[1] cannot be properly analyzed as its control pin Interface_Analysis/data_send_reg[1]/G is not reached by a timing clock
Related violations: <none>

TIMING-20#20 Warning
Non-clocked latch  
The latch Interface_Analysis/data_send_reg[2] cannot be properly analyzed as its control pin Interface_Analysis/data_send_reg[2]/G is not reached by a timing clock
Related violations: <none>

TIMING-20#21 Warning
Non-clocked latch  
The latch Interface_Analysis/data_send_reg[3] cannot be properly analyzed as its control pin Interface_Analysis/data_send_reg[3]/G is not reached by a timing clock
Related violations: <none>

TIMING-20#22 Warning
Non-clocked latch  
The latch Interface_Analysis/data_send_reg[4] cannot be properly analyzed as its control pin Interface_Analysis/data_send_reg[4]/G is not reached by a timing clock
Related violations: <none>

TIMING-20#23 Warning
Non-clocked latch  
The latch Interface_Analysis/data_send_reg[5] cannot be properly analyzed as its control pin Interface_Analysis/data_send_reg[5]/G is not reached by a timing clock
Related violations: <none>

TIMING-20#24 Warning
Non-clocked latch  
The latch Interface_Analysis/data_send_reg[6] cannot be properly analyzed as its control pin Interface_Analysis/data_send_reg[6]/G is not reached by a timing clock
Related violations: <none>

TIMING-20#25 Warning
Non-clocked latch  
The latch Interface_Analysis/data_send_reg[7] cannot be properly analyzed as its control pin Interface_Analysis/data_send_reg[7]/G is not reached by a timing clock
Related violations: <none>


