#-----------------------------------------------------------
# Vivado v2019.2 (64-bit)
# SW Build 2708876 on Wed Nov  6 21:40:23 MST 2019
# IP Build 2700528 on Thu Nov  7 00:09:20 MST 2019
# Start of session at: Sat Mar 28 14:37:20 2020
# Process ID: 13028
# Current directory: C:/Users/dotte/Documents/Sempro4/VHDL_Encode
# Command line: vivado.exe -gui_launcher_event rodinguilauncherevent18548 C:\Users\dotte\Documents\Sempro4\VHDL_Encode\VHDL_Encode.xpr
# Log file: C:/Users/dotte/Documents/Sempro4/VHDL_Encode/vivado.log
# Journal file: C:/Users/dotte/Documents/Sempro4/VHDL_Encode\vivado.jou
#-----------------------------------------------------------
start_gui
open_project C:/Users/dotte/Documents/Sempro4/VHDL_Encode/VHDL_Encode.xpr
INFO: [Project 1-313] Project file moved from 'C:/Users/frida/Documents/4_semester/Projekt/VHDL_Encode' since last save.
Scanning sources...
Finished scanning sources
WARNING: [filemgmt 56-2] IPUserFilesDir: Could not find the directory 'C:/Users/dotte/Documents/Sempro4/VHDL_Encode/VHDL_Encode.ip_user_files', nor could it be found using path 'C:/Users/frida/Documents/4_semester/Projekt/VHDL_Encode/VHDL_Encode.ip_user_files'.
INFO: [IP_Flow 19-234] Refreshing IP repositories
INFO: [IP_Flow 19-1704] No user IP repositories specified
INFO: [IP_Flow 19-2313] Loaded Vivado IP repository 'C:/Xilinx/Vivado/2019.2/data/ip'.
open_project: Time (s): cpu = 00:00:16 ; elapsed = 00:00:07 . Memory (MB): peak = 785.816 ; gain = 140.664
update_compile_order -fileset sources_1
exit
INFO: [Common 17-206] Exiting Vivado at Sat Mar 28 16:20:49 2020...
