#-----------------------------------------------------------
# Vivado v2019.2 (64-bit)
# SW Build 2708876 on Wed Nov  6 21:40:23 MST 2019
# IP Build 2700528 on Thu Nov  7 00:09:20 MST 2019
# Start of session at: Wed Mar 25 17:03:58 2020
# Process ID: 17208
# Current directory: C:/Users/frida/Documents/4_semester/Projekt/VHDL_Encode
# Command line: vivado.exe -gui_launcher_event rodinguilauncherevent17760 C:\Users\frida\Documents\4_semester\Projekt\VHDL_Encode\VHDL_Encode.xpr
# Log file: C:/Users/frida/Documents/4_semester/Projekt/VHDL_Encode/vivado.log
# Journal file: C:/Users/frida/Documents/4_semester/Projekt/VHDL_Encode\vivado.jou
#-----------------------------------------------------------
start_gui
open_project C:/Users/frida/Documents/4_semester/Projekt/VHDL_Encode/VHDL_Encode.xpr
Scanning sources...
Finished scanning sources
INFO: [IP_Flow 19-234] Refreshing IP repositories
INFO: [IP_Flow 19-1704] No user IP repositories specified
INFO: [IP_Flow 19-2313] Loaded Vivado IP repository 'C:/Programmer_P/Vivado/2019.2/data/ip'.
exit
INFO: [Common 17-206] Exiting Vivado at Wed Mar 25 17:04:16 2020...
