#-----------------------------------------------------------
# Vivado v2019.2 (64-bit)
# SW Build 2708876 on Wed Nov  6 21:40:23 MST 2019
# IP Build 2700528 on Thu Nov  7 00:09:20 MST 2019
# Start of session at: Sat Mar 28 16:04:58 2020
# Process ID: 8336
# Current directory: C:/Users/dotte/Documents/Sempro4/VHDL_SPI
# Command line: vivado.exe -gui_launcher_event rodinguilauncherevent27440 C:\Users\dotte\Documents\Sempro4\VHDL_SPI\SPI.xpr
# Log file: C:/Users/dotte/Documents/Sempro4/VHDL_SPI/vivado.log
# Journal file: C:/Users/dotte/Documents/Sempro4/VHDL_SPI\vivado.jou
#-----------------------------------------------------------
start_gui
open_project C:/Users/dotte/Documents/Sempro4/VHDL_SPI/SPI.xpr
Scanning sources...
Finished scanning sources
INFO: [IP_Flow 19-234] Refreshing IP repositories
INFO: [IP_Flow 19-1704] No user IP repositories specified
INFO: [IP_Flow 19-2313] Loaded Vivado IP repository 'C:/Xilinx/Vivado/2019.2/data/ip'.
open_project: Time (s): cpu = 00:00:27 ; elapsed = 00:00:11 . Memory (MB): peak = 789.594 ; gain = 112.852
update_compile_order -fileset sources_1
exit
INFO: [Common 17-206] Exiting Vivado at Sat Mar 28 17:26:33 2020...
