#-----------------------------------------------------------
# Vivado v2019.2 (64-bit)
# SW Build 2708876 on Wed Nov  6 21:40:23 MST 2019
# IP Build 2700528 on Thu Nov  7 00:09:20 MST 2019
# Start of session at: Tue Mar 17 11:39:29 2020
# Process ID: 5016
# Current directory: C:/Users/sunes/SPI/SPI
# Command line: vivado.exe -gui_launcher_event rodinguilauncherevent10580 C:\Users\sunes\SPI\SPI\SPI.xpr
# Log file: C:/Users/sunes/SPI/SPI/vivado.log
# Journal file: C:/Users/sunes/SPI/SPI\vivado.jou
#-----------------------------------------------------------
start_gui
open_project C:/Users/sunes/SPI/SPI/SPI.xpr
Scanning sources...
Finished scanning sources
INFO: [IP_Flow 19-234] Refreshing IP repositories
INFO: [IP_Flow 19-1704] No user IP repositories specified
INFO: [IP_Flow 19-2313] Loaded Vivado IP repository 'C:/Xilinx/Vivado/2019.2/data/ip'.
open_project: Time (s): cpu = 00:00:16 ; elapsed = 00:00:08 . Memory (MB): peak = 769.035 ; gain = 124.352
update_compile_order -fileset sources_1
